[ppo seed=0] training 500000 steps on cuda ...
[ppo ] step    2048/500000 | vs random 0.89 vs negamax 0.00 (p1 0.00/p2 0.00) | ploss +0.022 vloss 1.896 ent 1.75 | mix r/n/s 0.84/0.08/0.08 lr 3.0e-04 | 73 st/s
[ppo ] step    4096/500000 | vs random 0.83 vs negamax 0.01 (p1 0.00/p2 0.02) | ploss -0.006 vloss 0.967 ent 1.69 | mix r/n/s 0.83/0.09/0.08 lr 3.0e-04 | 78 st/s
[ppo ] step    6144/500000 | vs random 0.91 vs negamax 0.01 (p1 0.00/p2 0.02) | ploss -0.009 vloss 0.989 ent 1.72 | mix r/n/s 0.82/0.09/0.08 lr 3.0e-04 | 79 st/s
[ppo ] step    8192/500000 | vs random 0.89 vs negamax 0.01 (p1 0.00/p2 0.02) | ploss -0.009 vloss 0.985 ent 1.74 | mix r/n/s 0.81/0.10/0.09 lr 3.0e-04 | 80 st/s
[ppo ] step   10240/500000 | vs random 0.84 vs negamax 0.01 (p1 0.00/p2 0.02) | ploss -0.008 vloss 0.867 ent 1.72 | mix r/n/s 0.81/0.11/0.09 lr 3.0e-04 | 81 st/s
[ppo ] step   12288/500000 | vs random 0.88 vs negamax 0.01 (p1 0.02/p2 0.00) | ploss -0.003 vloss 1.075 ent 1.70 | mix r/n/s 0.80/0.11/0.09 lr 3.0e-04 | 82 st/s
[ppo ] step   14336/500000 | vs random 0.83 vs negamax 0.01 (p1 0.02/p2 0.00) | ploss -0.012 vloss 0.880 ent 1.57 | mix r/n/s 0.79/0.12/0.09 lr 3.0e-04 | 82 st/s
[ppo ] step   16384/500000 | vs random 0.88 vs negamax 0.01 (p1 0.00/p2 0.02) | ploss -0.017 vloss 0.885 ent 1.45 | mix r/n/s 0.78/0.12/0.10 lr 3.0e-04 | 82 st/s
[ppo ] step   18432/500000 | vs random 0.89 vs negamax 0.02 (p1 0.04/p2 0.00) | ploss -0.019 vloss 0.693 ent 1.35 | mix r/n/s 0.77/0.13/0.10 lr 3.0e-04 | 82 st/s
[ppo ] step   20480/500000 | vs random 0.96 vs negamax 0.00 (p1 0.00/p2 0.00) | ploss -0.016 vloss 0.732 ent 1.29 | mix r/n/s 0.77/0.13/0.10 lr 3.0e-04 | 82 st/s
[ppo ] step   22528/500000 | vs random 0.94 vs negamax 0.03 (p1 0.06/p2 0.00) | ploss -0.018 vloss 0.765 ent 1.28 | mix r/n/s 0.76/0.14/0.10 lr 3.0e-04 | 81 st/s
[ppo ] step   24576/500000 | vs random 0.91 vs negamax 0.01 (p1 0.02/p2 0.00) | ploss -0.021 vloss 0.693 ent 1.26 | mix r/n/s 0.75/0.14/0.11 lr 3.0e-04 | 80 st/s
[ppo ] step   26624/500000 | vs random 0.93 vs negamax 0.07 (p1 0.12/p2 0.02) | ploss -0.017 vloss 0.717 ent 1.23 | mix r/n/s 0.74/0.15/0.11 lr 3.0e-04 | 80 st/s
[ppo ] step   28672/500000 | vs random 0.88 vs negamax 0.03 (p1 0.06/p2 0.00) | ploss -0.017 vloss 0.740 ent 1.14 | mix r/n/s 0.74/0.15/0.11 lr 3.0e-04 | 80 st/s
[ppo ] step   30720/500000 | vs random 0.98 vs negamax 0.00 (p1 0.00/p2 0.00) | ploss -0.013 vloss 0.613 ent 1.03 | mix r/n/s 0.73/0.16/0.11 lr 3.0e-04 | 80 st/s
[ppo ] step   32768/500000 | vs random 0.88 vs negamax 0.00 (p1 0.00/p2 0.00) | ploss -0.019 vloss 0.650 ent 1.00 | mix r/n/s 0.72/0.16/0.12 lr 3.0e-04 | 80 st/s
[ppo ] step   34816/500000 | vs random 0.90 vs negamax 0.04 (p1 0.04/p2 0.04) | ploss -0.013 vloss 0.666 ent 0.94 | mix r/n/s 0.72/0.17/0.12 lr 3.0e-04 | 79 st/s
[ppo ] step   36864/500000 | vs random 0.94 vs negamax 0.02 (p1 0.04/p2 0.00) | ploss -0.018 vloss 0.541 ent 0.88 | mix r/n/s 0.71/0.17/0.12 lr 3.0e-04 | 79 st/s
[ppo ] step   38912/500000 | vs random 0.89 vs negamax 0.00 (p1 0.00/p2 0.00) | ploss -0.013 vloss 0.585 ent 0.84 | mix r/n/s 0.70/0.18/0.12 lr 3.0e-04 | 79 st/s
[ppo ] step   40960/500000 | vs random 0.93 vs negamax 0.02 (p1 0.04/p2 0.00) | ploss -0.015 vloss 0.596 ent 0.85 | mix r/n/s 0.70/0.18/0.12 lr 3.0e-04 | 79 st/s
[ppo ] step   43008/500000 | vs random 0.97 vs negamax 0.02 (p1 0.04/p2 0.00) | ploss -0.020 vloss 0.578 ent 0.79 | mix r/n/s 0.69/0.18/0.13 lr 3.0e-04 | 80 st/s
[ppo ] step   45056/500000 | vs random 0.93 vs negamax 0.09 (p1 0.14/p2 0.04) | ploss -0.015 vloss 0.556 ent 0.81 | mix r/n/s 0.68/0.19/0.13 lr 2.9e-04 | 79 st/s
[ppo ] step   47104/500000 | vs random 0.95 vs negamax 0.01 (p1 0.02/p2 0.00) | ploss -0.012 vloss 0.615 ent 0.84 | mix r/n/s 0.68/0.19/0.13 lr 2.9e-04 | 79 st/s
[ppo ] step   49152/500000 | vs random 0.94 vs negamax 0.04 (p1 0.04/p2 0.04) | ploss -0.016 vloss 0.524 ent 0.89 | mix r/n/s 0.67/0.20/0.13 lr 2.9e-04 | 79 st/s
[ppo ] step   51200/500000 | vs random 0.95 vs negamax 0.04 (p1 0.04/p2 0.04) | ploss -0.015 vloss 0.533 ent 0.86 | mix r/n/s 0.66/0.20/0.13 lr 2.9e-04 | 79 st/s
[ppo ] step   53248/500000 | vs random 0.94 vs negamax 0.01 (p1 0.02/p2 0.00) | ploss -0.010 vloss 0.560 ent 0.80 | mix r/n/s 0.66/0.21/0.14 lr 2.9e-04 | 78 st/s
[ppo ] step   55296/500000 | vs random 0.91 vs negamax 0.06 (p1 0.12/p2 0.00) | ploss -0.013 vloss 0.503 ent 0.86 | mix r/n/s 0.65/0.21/0.14 lr 2.9e-04 | 78 st/s
[ppo ] step   57344/500000 | vs random 0.94 vs negamax 0.08 (p1 0.10/p2 0.06) | ploss -0.008 vloss 0.592 ent 0.78 | mix r/n/s 0.64/0.22/0.14 lr 2.9e-04 | 78 st/s
[ppo ] step   59392/500000 | vs random 0.95 vs negamax 0.08 (p1 0.14/p2 0.02) | ploss -0.020 vloss 0.556 ent 0.77 | mix r/n/s 0.64/0.22/0.14 lr 2.9e-04 | 77 st/s
[ppo ] step   61440/500000 | vs random 0.91 vs negamax 0.08 (p1 0.06/p2 0.10) | ploss -0.014 vloss 0.548 ent 0.79 | mix r/n/s 0.63/0.22/0.14 lr 2.9e-04 | 77 st/s
[ppo ] step   63488/500000 | vs random 0.96 vs negamax 0.05 (p1 0.10/p2 0.00) | ploss -0.010 vloss 0.510 ent 0.75 | mix r/n/s 0.63/0.23/0.15 lr 2.9e-04 | 76 st/s
[ppo ] step   65536/500000 | vs random 0.98 vs negamax 0.21 (p1 0.20/p2 0.22) | ploss -0.022 vloss 0.495 ent 0.75 | mix r/n/s 0.62/0.23/0.15 lr 2.9e-04 | 76 st/s
[ppo ] step   67584/500000 | vs random 0.97 vs negamax 0.24 (p1 0.34/p2 0.14) | ploss -0.009 vloss 0.490 ent 0.79 | mix r/n/s 0.61/0.24/0.15 lr 2.9e-04 | 75 st/s
[ppo ] step   69632/500000 | vs random 0.96 vs negamax 0.17 (p1 0.20/p2 0.14) | ploss -0.020 vloss 0.583 ent 0.84 | mix r/n/s 0.61/0.24/0.15 lr 2.9e-04 | 75 st/s
[ppo ] step   71680/500000 | vs random 1.00 vs negamax 0.15 (p1 0.20/p2 0.10) | ploss -0.026 vloss 0.485 ent 0.82 | mix r/n/s 0.60/0.24/0.15 lr 2.9e-04 | 74 st/s
[ppo ] step   73728/500000 | vs random 0.96 vs negamax 0.24 (p1 0.32/p2 0.16) | ploss -0.015 vloss 0.572 ent 0.87 | mix r/n/s 0.60/0.25/0.16 lr 2.9e-04 | 74 st/s
[ppo ] step   75776/500000 | vs random 0.97 vs negamax 0.14 (p1 0.12/p2 0.16) | ploss -0.018 vloss 0.519 ent 0.84 | mix r/n/s 0.59/0.25/0.16 lr 2.8e-04 | 73 st/s
[ppo ] step   77824/500000 | vs random 0.88 vs negamax 0.24 (p1 0.34/p2 0.14) | ploss -0.021 vloss 0.552 ent 0.80 | mix r/n/s 0.59/0.26/0.16 lr 2.8e-04 | 73 st/s
[ppo ] step   79872/500000 | vs random 0.94 vs negamax 0.22 (p1 0.28/p2 0.16) | ploss -0.017 vloss 0.519 ent 0.86 | mix r/n/s 0.58/0.26/0.16 lr 2.8e-04 | 72 st/s
[ppo ] step   81920/500000 | vs random 0.95 vs negamax 0.22 (p1 0.30/p2 0.14) | ploss -0.020 vloss 0.531 ent 0.82 | mix r/n/s 0.58/0.26/0.16 lr 2.8e-04 | 72 st/s
[ppo ] step   83968/500000 | vs random 0.93 vs negamax 0.37 (p1 0.42/p2 0.32) | ploss -0.016 vloss 0.539 ent 0.77 | mix r/n/s 0.57/0.27/0.16 lr 2.8e-04 | 71 st/s
[ppo ] step   86016/500000 | vs random 0.97 vs negamax 0.26 (p1 0.38/p2 0.14) | ploss -0.024 vloss 0.487 ent 0.85 | mix r/n/s 0.56/0.27/0.17 lr 2.8e-04 | 71 st/s
[ppo ] step   88064/500000 | vs random 0.94 vs negamax 0.27 (p1 0.28/p2 0.26) | ploss -0.019 vloss 0.478 ent 0.74 | mix r/n/s 0.56/0.27/0.17 lr 2.8e-04 | 71 st/s
[ppo ] step   90112/500000 | vs random 0.94 vs negamax 0.27 (p1 0.28/p2 0.26) | ploss -0.019 vloss 0.562 ent 0.86 | mix r/n/s 0.55/0.28/0.17 lr 2.8e-04 | 70 st/s
[ppo ] step   92160/500000 | vs random 0.96 vs negamax 0.23 (p1 0.32/p2 0.14) | ploss -0.023 vloss 0.485 ent 0.88 | mix r/n/s 0.55/0.28/0.17 lr 2.8e-04 | 70 st/s
[ppo ] step   94208/500000 | vs random 0.97 vs negamax 0.40 (p1 0.52/p2 0.28) | ploss -0.018 vloss 0.524 ent 0.73 | mix r/n/s 0.54/0.28/0.17 lr 2.8e-04 | 70 st/s
[ppo ] step   96256/500000 | vs random 0.95 vs negamax 0.32 (p1 0.44/p2 0.20) | ploss -0.022 vloss 0.438 ent 0.76 | mix r/n/s 0.54/0.29/0.17 lr 2.8e-04 | 71 st/s
[ppo ] step   98304/500000 | vs random 0.98 vs negamax 0.28 (p1 0.40/p2 0.16) | ploss -0.016 vloss 0.450 ent 0.73 | mix r/n/s 0.53/0.29/0.18 lr 2.8e-04 | 71 st/s
[ppo ] step  100352/500000 | vs random 0.95 vs negamax 0.34 (p1 0.34/p2 0.34) | ploss -0.021 vloss 0.486 ent 0.71 | mix r/n/s 0.53/0.29/0.18 lr 2.7e-04 | 72 st/s
[ppo ] step  102400/500000 | vs random 0.97 vs negamax 0.42 (p1 0.52/p2 0.32) | ploss -0.018 vloss 0.462 ent 0.73 | mix r/n/s 0.52/0.30/0.18 lr 2.7e-04 | 72 st/s
[ppo ] step  104448/500000 | vs random 0.93 vs negamax 0.43 (p1 0.60/p2 0.26) | ploss -0.022 vloss 0.480 ent 0.79 | mix r/n/s 0.52/0.30/0.18 lr 2.7e-04 | 72 st/s
[ppo ] step  106496/500000 | vs random 0.92 vs negamax 0.34 (p1 0.40/p2 0.28) | ploss -0.026 vloss 0.486 ent 0.82 | mix r/n/s 0.51/0.30/0.18 lr 2.7e-04 | 73 st/s
[ppo ] step  108544/500000 | vs random 0.96 vs negamax 0.37 (p1 0.30/p2 0.44) | ploss -0.023 vloss 0.524 ent 0.84 | mix r/n/s 0.51/0.31/0.18 lr 2.7e-04 | 73 st/s
[ppo ] step  110592/500000 | vs random 0.93 vs negamax 0.41 (p1 0.50/p2 0.32) | ploss -0.027 vloss 0.521 ent 0.85 | mix r/n/s 0.50/0.31/0.18 lr 2.7e-04 | 73 st/s
[ppo ] step  112640/500000 | vs random 0.99 vs negamax 0.39 (p1 0.44/p2 0.34) | ploss -0.023 vloss 0.440 ent 0.84 | mix r/n/s 0.50/0.31/0.19 lr 2.7e-04 | 73 st/s
[ppo ] step  114688/500000 | vs random 0.99 vs negamax 0.44 (p1 0.52/p2 0.36) | ploss -0.024 vloss 0.520 ent 0.87 | mix r/n/s 0.50/0.32/0.19 lr 2.7e-04 | 74 st/s
[ppo ] step  116736/500000 | vs random 0.98 vs negamax 0.53 (p1 0.54/p2 0.52) | ploss -0.024 vloss 0.533 ent 0.79 | mix r/n/s 0.49/0.32/0.19 lr 2.7e-04 | 74 st/s
[ppo ] step  118784/500000 | vs random 0.97 vs negamax 0.57 (p1 0.64/p2 0.50) | ploss -0.022 vloss 0.524 ent 0.76 | mix r/n/s 0.49/0.32/0.19 lr 2.6e-04 | 74 st/s
[ppo ] step  120832/500000 | vs random 0.99 vs negamax 0.60 (p1 0.76/p2 0.44) | ploss -0.028 vloss 0.455 ent 0.69 | mix r/n/s 0.48/0.33/0.19 lr 2.6e-04 | 75 st/s
[ppo ] step  122880/500000 | vs random 0.98 vs negamax 0.53 (p1 0.62/p2 0.44) | ploss -0.016 vloss 0.456 ent 0.68 | mix r/n/s 0.48/0.33/0.19 lr 2.6e-04 | 75 st/s
[ppo ] step  124928/500000 | vs random 0.97 vs negamax 0.59 (p1 0.68/p2 0.50) | ploss -0.006 vloss 0.538 ent 0.64 | mix r/n/s 0.47/0.33/0.19 lr 2.6e-04 | 75 st/s
[ppo ] step  126976/500000 | vs random 0.99 vs negamax 0.55 (p1 0.66/p2 0.44) | ploss -0.014 vloss 0.456 ent 0.67 | mix r/n/s 0.47/0.34/0.20 lr 2.6e-04 | 76 st/s
[ppo ] step  129024/500000 | vs random 1.00 vs negamax 0.62 (p1 0.66/p2 0.58) | ploss -0.026 vloss 0.477 ent 0.68 | mix r/n/s 0.46/0.34/0.20 lr 2.6e-04 | 76 st/s
[ppo ] step  131072/500000 | vs random 0.97 vs negamax 0.56 (p1 0.64/p2 0.48) | ploss -0.024 vloss 0.472 ent 0.71 | mix r/n/s 0.46/0.34/0.20 lr 2.6e-04 | 76 st/s
[ppo ] step  133120/500000 | vs random 0.97 vs negamax 0.71 (p1 0.72/p2 0.70) | ploss -0.015 vloss 0.483 ent 0.73 | mix r/n/s 0.45/0.35/0.20 lr 2.6e-04 | 76 st/s
[ppo ] step  135168/500000 | vs random 0.97 vs negamax 0.67 (p1 0.76/p2 0.58) | ploss -0.020 vloss 0.460 ent 0.70 | mix r/n/s 0.45/0.35/0.20 lr 2.5e-04 | 77 st/s
[ppo ] step  137216/500000 | vs random 0.98 vs negamax 0.65 (p1 0.68/p2 0.62) | ploss -0.016 vloss 0.557 ent 0.69 | mix r/n/s 0.45/0.35/0.20 lr 2.5e-04 | 77 st/s
[ppo ] step  139264/500000 | vs random 0.98 vs negamax 0.67 (p1 0.70/p2 0.64) | ploss -0.020 vloss 0.482 ent 0.68 | mix r/n/s 0.44/0.35/0.20 lr 2.5e-04 | 77 st/s
[ppo ] step  141312/500000 | vs random 0.95 vs negamax 0.68 (p1 0.68/p2 0.68) | ploss -0.021 vloss 0.553 ent 0.74 | mix r/n/s 0.44/0.36/0.21 lr 2.5e-04 | 77 st/s
[ppo ] step  143360/500000 | vs random 0.96 vs negamax 0.73 (p1 0.80/p2 0.66) | ploss -0.018 vloss 0.455 ent 0.71 | mix r/n/s 0.43/0.36/0.21 lr 2.5e-04 | 78 st/s
[ppo ] step  145408/500000 | vs random 0.95 vs negamax 0.57 (p1 0.70/p2 0.44) | ploss -0.020 vloss 0.488 ent 0.75 | mix r/n/s 0.43/0.36/0.21 lr 2.5e-04 | 78 st/s
[ppo ] step  147456/500000 | vs random 0.98 vs negamax 0.74 (p1 0.76/p2 0.72) | ploss -0.021 vloss 0.524 ent 0.73 | mix r/n/s 0.43/0.37/0.21 lr 2.5e-04 | 78 st/s
[ppo ] step  149504/500000 | vs random 0.93 vs negamax 0.68 (p1 0.74/p2 0.62) | ploss -0.020 vloss 0.452 ent 0.77 | mix r/n/s 0.42/0.37/0.21 lr 2.4e-04 | 78 st/s
[ppo ] step  151552/500000 | vs random 0.97 vs negamax 0.57 (p1 0.70/p2 0.44) | ploss -0.021 vloss 0.485 ent 0.73 | mix r/n/s 0.42/0.37/0.21 lr 2.4e-04 | 78 st/s
[ppo ] step  153600/500000 | vs random 0.96 vs negamax 0.62 (p1 0.62/p2 0.62) | ploss -0.018 vloss 0.505 ent 0.70 | mix r/n/s 0.41/0.37/0.21 lr 2.4e-04 | 78 st/s
[ppo ] step  155648/500000 | vs random 0.98 vs negamax 0.73 (p1 0.72/p2 0.74) | ploss -0.017 vloss 0.442 ent 0.70 | mix r/n/s 0.41/0.38/0.21 lr 2.4e-04 | 78 st/s
[ppo ] step  157696/500000 | vs random 0.94 vs negamax 0.70 (p1 0.76/p2 0.64) | ploss -0.024 vloss 0.433 ent 0.68 | mix r/n/s 0.41/0.38/0.22 lr 2.4e-04 | 78 st/s
[ppo ] step  159744/500000 | vs random 0.96 vs negamax 0.63 (p1 0.82/p2 0.44) | ploss -0.022 vloss 0.424 ent 0.68 | mix r/n/s 0.40/0.38/0.22 lr 2.4e-04 | 79 st/s
[ppo ] step  161792/500000 | vs random 0.98 vs negamax 0.66 (p1 0.74/p2 0.58) | ploss -0.019 vloss 0.372 ent 0.66 | mix r/n/s 0.40/0.38/0.22 lr 2.4e-04 | 79 st/s
[ppo ] step  163840/500000 | vs random 0.95 vs negamax 0.74 (p1 0.86/p2 0.62) | ploss -0.023 vloss 0.449 ent 0.63 | mix r/n/s 0.39/0.39/0.22 lr 2.3e-04 | 79 st/s
[ppo ] step  165888/500000 | vs random 0.99 vs negamax 0.60 (p1 0.64/p2 0.56) | ploss -0.017 vloss 0.458 ent 0.62 | mix r/n/s 0.39/0.39/0.22 lr 2.3e-04 | 79 st/s
[ppo ] step  167936/500000 | vs random 0.97 vs negamax 0.65 (p1 0.66/p2 0.64) | ploss -0.023 vloss 0.448 ent 0.65 | mix r/n/s 0.39/0.39/0.22 lr 2.3e-04 | 79 st/s
[ppo ] step  169984/500000 | vs random 0.97 vs negamax 0.67 (p1 0.74/p2 0.60) | ploss -0.021 vloss 0.472 ent 0.63 | mix r/n/s 0.38/0.39/0.22 lr 2.3e-04 | 80 st/s
[ppo ] step  172032/500000 | vs random 0.95 vs negamax 0.70 (p1 0.78/p2 0.62) | ploss -0.020 vloss 0.560 ent 0.63 | mix r/n/s 0.38/0.40/0.22 lr 2.3e-04 | 80 st/s
[ppo ] step  174080/500000 | vs random 0.99 vs negamax 0.78 (p1 0.88/p2 0.68) | ploss -0.014 vloss 0.462 ent 0.63 | mix r/n/s 0.38/0.40/0.22 lr 2.3e-04 | 80 st/s
[ppo ] step  176128/500000 | vs random 0.95 vs negamax 0.72 (p1 0.82/p2 0.62) | ploss -0.016 vloss 0.362 ent 0.59 | mix r/n/s 0.37/0.40/0.23 lr 2.3e-04 | 80 st/s
[ppo ] step  178176/500000 | vs random 0.95 vs negamax 0.71 (p1 0.68/p2 0.74) | ploss -0.024 vloss 0.404 ent 0.60 | mix r/n/s 0.37/0.40/0.23 lr 2.2e-04 | 80 st/s
[ppo ] step  180224/500000 | vs random 0.97 vs negamax 0.77 (p1 0.86/p2 0.68) | ploss -0.016 vloss 0.428 ent 0.56 | mix r/n/s 0.37/0.41/0.23 lr 2.2e-04 | 80 st/s
[ppo ] step  182272/500000 | vs random 0.97 vs negamax 0.69 (p1 0.80/p2 0.58) | ploss -0.018 vloss 0.383 ent 0.59 | mix r/n/s 0.36/0.41/0.23 lr 2.2e-04 | 81 st/s
[ppo ] step  184320/500000 | vs random 0.97 vs negamax 0.75 (p1 0.82/p2 0.68) | ploss -0.018 vloss 0.468 ent 0.57 | mix r/n/s 0.36/0.41/0.23 lr 2.2e-04 | 81 st/s
[ppo ] step  186368/500000 | vs random 1.00 vs negamax 0.77 (p1 0.82/p2 0.72) | ploss -0.017 vloss 0.482 ent 0.58 | mix r/n/s 0.36/0.41/0.23 lr 2.2e-04 | 81 st/s
[ppo ] step  188416/500000 | vs random 0.97 vs negamax 0.75 (p1 0.88/p2 0.62) | ploss -0.009 vloss 0.449 ent 0.51 | mix r/n/s 0.35/0.42/0.23 lr 2.2e-04 | 81 st/s
[ppo ] step  190464/500000 | vs random 0.96 vs negamax 0.72 (p1 0.70/p2 0.74) | ploss -0.017 vloss 0.406 ent 0.56 | mix r/n/s 0.35/0.42/0.23 lr 2.1e-04 | 81 st/s
[ppo ] step  192512/500000 | vs random 1.00 vs negamax 0.71 (p1 0.80/p2 0.62) | ploss -0.016 vloss 0.388 ent 0.53 | mix r/n/s 0.35/0.42/0.23 lr 2.1e-04 | 82 st/s
[ppo ] step  194560/500000 | vs random 0.97 vs negamax 0.68 (p1 0.74/p2 0.62) | ploss -0.023 vloss 0.381 ent 0.54 | mix r/n/s 0.34/0.42/0.24 lr 2.1e-04 | 82 st/s
[ppo ] step  196608/500000 | vs random 0.97 vs negamax 0.82 (p1 0.90/p2 0.74) | ploss -0.018 vloss 0.354 ent 0.55 | mix r/n/s 0.34/0.42/0.24 lr 2.1e-04 | 82 st/s
[ppo ] step  198656/500000 | vs random 0.98 vs negamax 0.73 (p1 0.90/p2 0.56) | ploss -0.016 vloss 0.411 ent 0.54 | mix r/n/s 0.34/0.43/0.24 lr 2.1e-04 | 82 st/s
[ppo ] step  200704/500000 | vs random 1.00 vs negamax 0.74 (p1 0.78/p2 0.70) | ploss -0.026 vloss 0.432 ent 0.56 | mix r/n/s 0.33/0.43/0.24 lr 2.1e-04 | 82 st/s
[ppo ] step  202752/500000 | vs random 1.00 vs negamax 0.78 (p1 0.82/p2 0.74) | ploss -0.015 vloss 0.395 ent 0.59 | mix r/n/s 0.33/0.43/0.24 lr 2.0e-04 | 82 st/s
[ppo ] step  204800/500000 | vs random 0.97 vs negamax 0.83 (p1 0.90/p2 0.76) | ploss -0.021 vloss 0.429 ent 0.60 | mix r/n/s 0.33/0.43/0.24 lr 2.0e-04 | 82 st/s
[ppo ] step  206848/500000 | vs random 0.97 vs negamax 0.76 (p1 0.76/p2 0.76) | ploss -0.023 vloss 0.421 ent 0.61 | mix r/n/s 0.32/0.44/0.24 lr 2.0e-04 | 83 st/s
[ppo ] step  208896/500000 | vs random 0.99 vs negamax 0.75 (p1 0.80/p2 0.70) | ploss -0.025 vloss 0.436 ent 0.62 | mix r/n/s 0.32/0.44/0.24 lr 2.0e-04 | 83 st/s
[ppo ] step  210944/500000 | vs random 0.94 vs negamax 0.75 (p1 0.86/p2 0.64) | ploss -0.025 vloss 0.438 ent 0.62 | mix r/n/s 0.32/0.44/0.24 lr 2.0e-04 | 83 st/s
[ppo ] step  212992/500000 | vs random 0.99 vs negamax 0.76 (p1 0.84/p2 0.68) | ploss -0.024 vloss 0.403 ent 0.63 | mix r/n/s 0.31/0.44/0.24 lr 2.0e-04 | 83 st/s
[ppo ] step  215040/500000 | vs random 0.97 vs negamax 0.69 (p1 0.68/p2 0.70) | ploss -0.015 vloss 0.393 ent 0.62 | mix r/n/s 0.31/0.44/0.25 lr 1.9e-04 | 83 st/s
[ppo ] step  217088/500000 | vs random 0.99 vs negamax 0.75 (p1 0.94/p2 0.56) | ploss -0.025 vloss 0.445 ent 0.67 | mix r/n/s 0.31/0.45/0.25 lr 1.9e-04 | 83 st/s
[ppo ] step  219136/500000 | vs random 0.94 vs negamax 0.82 (p1 0.94/p2 0.70) | ploss -0.021 vloss 0.464 ent 0.58 | mix r/n/s 0.30/0.45/0.25 lr 1.9e-04 | 83 st/s
[ppo ] step  221184/500000 | vs random 0.97 vs negamax 0.72 (p1 0.80/p2 0.64) | ploss -0.020 vloss 0.420 ent 0.61 | mix r/n/s 0.30/0.45/0.25 lr 1.9e-04 | 84 st/s
[ppo ] step  223232/500000 | vs random 0.97 vs negamax 0.77 (p1 0.88/p2 0.66) | ploss -0.021 vloss 0.461 ent 0.55 | mix r/n/s 0.30/0.45/0.25 lr 1.9e-04 | 84 st/s
[ppo ] step  225280/500000 | vs random 0.98 vs negamax 0.75 (p1 0.82/p2 0.68) | ploss -0.019 vloss 0.340 ent 0.56 | mix r/n/s 0.30/0.45/0.25 lr 1.9e-04 | 84 st/s
[ppo ] step  227328/500000 | vs random 0.98 vs negamax 0.78 (p1 0.82/p2 0.74) | ploss -0.021 vloss 0.470 ent 0.57 | mix r/n/s 0.29/0.46/0.25 lr 1.8e-04 | 84 st/s
[ppo ] step  229376/500000 | vs random 0.96 vs negamax 0.80 (p1 0.86/p2 0.74) | ploss -0.020 vloss 0.391 ent 0.58 | mix r/n/s 0.29/0.46/0.25 lr 1.8e-04 | 84 st/s
[ppo ] step  231424/500000 | vs random 0.94 vs negamax 0.85 (p1 0.92/p2 0.78) | ploss -0.019 vloss 0.449 ent 0.55 | mix r/n/s 0.29/0.46/0.25 lr 1.8e-04 | 84 st/s
[ppo ] step  233472/500000 | vs random 0.98 vs negamax 0.85 (p1 0.94/p2 0.76) | ploss -0.024 vloss 0.399 ent 0.58 | mix r/n/s 0.28/0.46/0.25 lr 1.8e-04 | 85 st/s
[ppo ] step  235520/500000 | vs random 0.99 vs negamax 0.78 (p1 0.82/p2 0.74) | ploss -0.017 vloss 0.402 ent 0.55 | mix r/n/s 0.28/0.46/0.25 lr 1.8e-04 | 85 st/s
[ppo ] step  237568/500000 | vs random 0.94 vs negamax 0.85 (p1 0.92/p2 0.78) | ploss -0.010 vloss 0.452 ent 0.53 | mix r/n/s 0.28/0.47/0.26 lr 1.8e-04 | 85 st/s
[ppo ] step  239616/500000 | vs random 0.97 vs negamax 0.83 (p1 0.88/p2 0.78) | ploss -0.020 vloss 0.346 ent 0.56 | mix r/n/s 0.27/0.47/0.26 lr 1.7e-04 | 85 st/s
[ppo ] step  241664/500000 | vs random 0.96 vs negamax 0.80 (p1 0.86/p2 0.74) | ploss -0.026 vloss 0.315 ent 0.58 | mix r/n/s 0.27/0.47/0.26 lr 1.7e-04 | 85 st/s
[ppo ] step  243712/500000 | vs random 0.96 vs negamax 0.85 (p1 0.92/p2 0.78) | ploss -0.019 vloss 0.429 ent 0.58 | mix r/n/s 0.27/0.47/0.26 lr 1.7e-04 | 85 st/s
[ppo ] step  245760/500000 | vs random 0.98 vs negamax 0.78 (p1 0.86/p2 0.70) | ploss -0.017 vloss 0.412 ent 0.55 | mix r/n/s 0.27/0.47/0.26 lr 1.7e-04 | 85 st/s
[ppo ] step  247808/500000 | vs random 0.96 vs negamax 0.81 (p1 0.92/p2 0.70) | ploss -0.023 vloss 0.438 ent 0.57 | mix r/n/s 0.26/0.48/0.26 lr 1.7e-04 | 86 st/s
[ppo ] step  249856/500000 | vs random 0.98 vs negamax 0.80 (p1 0.86/p2 0.74) | ploss -0.021 vloss 0.412 ent 0.54 | mix r/n/s 0.26/0.48/0.26 lr 1.7e-04 | 86 st/s
[ppo ] step  251904/500000 | vs random 0.98 vs negamax 0.78 (p1 0.78/p2 0.78) | ploss -0.018 vloss 0.324 ent 0.53 | mix r/n/s 0.26/0.48/0.26 lr 1.6e-04 | 86 st/s
[ppo ] step  253952/500000 | vs random 0.99 vs negamax 0.78 (p1 0.84/p2 0.72) | ploss -0.018 vloss 0.348 ent 0.56 | mix r/n/s 0.26/0.48/0.26 lr 1.6e-04 | 86 st/s
[ppo ] step  256000/500000 | vs random 0.98 vs negamax 0.84 (p1 0.94/p2 0.74) | ploss -0.021 vloss 0.417 ent 0.56 | mix r/n/s 0.26/0.48/0.27 lr 1.6e-04 | 86 st/s
[ppo ] step  258048/500000 | vs random 0.99 vs negamax 0.83 (p1 0.92/p2 0.74) | ploss -0.024 vloss 0.370 ent 0.59 | mix r/n/s 0.25/0.48/0.27 lr 1.6e-04 | 86 st/s
[ppo ] step  260096/500000 | vs random 1.00 vs negamax 0.84 (p1 0.86/p2 0.82) | ploss -0.017 vloss 0.351 ent 0.54 | mix r/n/s 0.25/0.48/0.27 lr 1.6e-04 | 86 st/s
[ppo ] step  262144/500000 | vs random 0.97 vs negamax 0.78 (p1 0.84/p2 0.72) | ploss -0.016 vloss 0.362 ent 0.55 | mix r/n/s 0.25/0.48/0.27 lr 1.5e-04 | 86 st/s
[ppo ] step  264192/500000 | vs random 0.98 vs negamax 0.77 (p1 0.82/p2 0.72) | ploss -0.022 vloss 0.363 ent 0.54 | mix r/n/s 0.25/0.48/0.27 lr 1.5e-04 | 86 st/s
[ppo ] step  266240/500000 | vs random 0.99 vs negamax 0.83 (p1 0.96/p2 0.70) | ploss -0.023 vloss 0.486 ent 0.57 | mix r/n/s 0.25/0.48/0.27 lr 1.5e-04 | 86 st/s
[ppo ] step  268288/500000 | vs random 0.99 vs negamax 0.74 (p1 0.82/p2 0.66) | ploss -0.020 vloss 0.480 ent 0.54 | mix r/n/s 0.24/0.48/0.28 lr 1.5e-04 | 87 st/s
[ppo ] step  270336/500000 | vs random 0.98 vs negamax 0.80 (p1 0.86/p2 0.74) | ploss -0.020 vloss 0.376 ent 0.55 | mix r/n/s 0.24/0.48/0.28 lr 1.5e-04 | 87 st/s
[ppo ] step  272384/500000 | vs random 0.96 vs negamax 0.79 (p1 0.88/p2 0.70) | ploss -0.021 vloss 0.308 ent 0.55 | mix r/n/s 0.24/0.48/0.28 lr 1.5e-04 | 87 st/s
[ppo ] step  274432/500000 | vs random 0.98 vs negamax 0.82 (p1 0.88/p2 0.76) | ploss -0.021 vloss 0.358 ent 0.55 | mix r/n/s 0.24/0.48/0.28 lr 1.4e-04 | 87 st/s
[ppo ] step  276480/500000 | vs random 0.98 vs negamax 0.80 (p1 0.88/p2 0.72) | ploss -0.021 vloss 0.296 ent 0.50 | mix r/n/s 0.24/0.48/0.28 lr 1.4e-04 | 87 st/s
[ppo ] step  278528/500000 | vs random 0.98 vs negamax 0.89 (p1 0.94/p2 0.84) | ploss -0.015 vloss 0.514 ent 0.53 | mix r/n/s 0.24/0.48/0.29 lr 1.4e-04 | 87 st/s
[ppo ] step  280576/500000 | vs random 0.97 vs negamax 0.83 (p1 0.92/p2 0.74) | ploss -0.022 vloss 0.361 ent 0.53 | mix r/n/s 0.23/0.48/0.29 lr 1.4e-04 | 87 st/s
[ppo ] step  282624/500000 | vs random 0.98 vs negamax 0.83 (p1 0.88/p2 0.78) | ploss -0.019 vloss 0.435 ent 0.55 | mix r/n/s 0.23/0.48/0.29 lr 1.4e-04 | 87 st/s
[ppo ] step  284672/500000 | vs random 0.98 vs negamax 0.84 (p1 0.88/p2 0.80) | ploss -0.018 vloss 0.305 ent 0.53 | mix r/n/s 0.23/0.48/0.29 lr 1.4e-04 | 87 st/s
[ppo ] step  286720/500000 | vs random 0.98 vs negamax 0.88 (p1 0.98/p2 0.78) | ploss -0.025 vloss 0.400 ent 0.54 | mix r/n/s 0.23/0.48/0.29 lr 1.3e-04 | 87 st/s
[ppo ] step  288768/500000 | vs random 0.97 vs negamax 0.87 (p1 0.92/p2 0.82) | ploss -0.023 vloss 0.372 ent 0.54 | mix r/n/s 0.23/0.48/0.29 lr 1.3e-04 | 87 st/s
[ppo ] step  290816/500000 | vs random 0.98 vs negamax 0.86 (p1 0.92/p2 0.80) | ploss -0.023 vloss 0.397 ent 0.50 | mix r/n/s 0.23/0.48/0.30 lr 1.3e-04 | 87 st/s
[ppo ] step  292864/500000 | vs random 1.00 vs negamax 0.81 (p1 0.92/p2 0.70) | ploss -0.022 vloss 0.356 ent 0.52 | mix r/n/s 0.22/0.48/0.30 lr 1.3e-04 | 87 st/s
[ppo ] step  294912/500000 | vs random 0.97 vs negamax 0.83 (p1 0.96/p2 0.70) | ploss -0.022 vloss 0.287 ent 0.53 | mix r/n/s 0.22/0.48/0.30 lr 1.3e-04 | 86 st/s
[ppo ] step  296960/500000 | vs random 0.98 vs negamax 0.87 (p1 0.94/p2 0.80) | ploss -0.022 vloss 0.428 ent 0.51 | mix r/n/s 0.22/0.48/0.30 lr 1.3e-04 | 86 st/s
[ppo ] step  299008/500000 | vs random 0.99 vs negamax 0.89 (p1 0.90/p2 0.88) | ploss -0.024 vloss 0.361 ent 0.49 | mix r/n/s 0.22/0.48/0.30 lr 1.2e-04 | 86 st/s
[ppo ] step  301056/500000 | vs random 0.97 vs negamax 0.87 (p1 0.96/p2 0.78) | ploss -0.023 vloss 0.319 ent 0.51 | mix r/n/s 0.22/0.48/0.31 lr 1.2e-04 | 86 st/s
[ppo ] step  303104/500000 | vs random 0.99 vs negamax 0.77 (p1 0.90/p2 0.64) | ploss -0.021 vloss 0.354 ent 0.48 | mix r/n/s 0.21/0.48/0.31 lr 1.2e-04 | 85 st/s
[ppo ] step  305152/500000 | vs random 0.99 vs negamax 0.87 (p1 0.88/p2 0.86) | ploss -0.023 vloss 0.351 ent 0.46 | mix r/n/s 0.21/0.48/0.31 lr 1.2e-04 | 85 st/s
[ppo ] step  307200/500000 | vs random 0.98 vs negamax 0.87 (p1 0.96/p2 0.78) | ploss -0.020 vloss 0.390 ent 0.48 | mix r/n/s 0.21/0.48/0.31 lr 1.2e-04 | 85 st/s
[ppo ] step  309248/500000 | vs random 0.99 vs negamax 0.84 (p1 0.86/p2 0.82) | ploss -0.024 vloss 0.399 ent 0.47 | mix r/n/s 0.21/0.48/0.31 lr 1.2e-04 | 85 st/s
[ppo ] step  311296/500000 | vs random 0.99 vs negamax 0.81 (p1 0.94/p2 0.68) | ploss -0.019 vloss 0.382 ent 0.46 | mix r/n/s 0.21/0.48/0.31 lr 1.1e-04 | 85 st/s
[ppo ] step  313344/500000 | vs random 1.00 vs negamax 0.86 (p1 0.98/p2 0.74) | ploss -0.021 vloss 0.362 ent 0.48 | mix r/n/s 0.21/0.48/0.32 lr 1.1e-04 | 84 st/s
[ppo ] step  315392/500000 | vs random 0.98 vs negamax 0.83 (p1 0.86/p2 0.80) | ploss -0.022 vloss 0.286 ent 0.47 | mix r/n/s 0.20/0.48/0.32 lr 1.1e-04 | 84 st/s
[ppo ] step  317440/500000 | vs random 1.00 vs negamax 0.86 (p1 0.92/p2 0.80) | ploss -0.016 vloss 0.362 ent 0.44 | mix r/n/s 0.20/0.48/0.32 lr 1.1e-04 | 84 st/s
[ppo ] step  319488/500000 | vs random 0.98 vs negamax 0.83 (p1 0.94/p2 0.72) | ploss -0.020 vloss 0.301 ent 0.45 | mix r/n/s 0.20/0.48/0.32 lr 1.1e-04 | 84 st/s
[ppo ] step  321536/500000 | vs random 1.00 vs negamax 0.83 (p1 0.90/p2 0.76) | ploss -0.024 vloss 0.351 ent 0.43 | mix r/n/s 0.20/0.48/0.32 lr 1.1e-04 | 83 st/s
[ppo ] step  323584/500000 | vs random 0.96 vs negamax 0.85 (p1 0.98/p2 0.72) | ploss -0.023 vloss 0.381 ent 0.46 | mix r/n/s 0.20/0.48/0.32 lr 1.0e-04 | 83 st/s
[ppo ] step  325632/500000 | vs random 1.00 vs negamax 0.90 (p1 0.94/p2 0.86) | ploss -0.019 vloss 0.368 ent 0.44 | mix r/n/s 0.20/0.48/0.33 lr 1.0e-04 | 83 st/s
[ppo ] step  327680/500000 | vs random 0.99 vs negamax 0.82 (p1 0.86/p2 0.78) | ploss -0.019 vloss 0.375 ent 0.45 | mix r/n/s 0.19/0.48/0.33 lr 1.0e-04 | 83 st/s
[ppo ] step  329728/500000 | vs random 0.98 vs negamax 0.86 (p1 0.94/p2 0.78) | ploss -0.020 vloss 0.353 ent 0.45 | mix r/n/s 0.19/0.48/0.33 lr 1.0e-04 | 83 st/s
[ppo ] step  331776/500000 | vs random 0.99 vs negamax 0.83 (p1 0.90/p2 0.76) | ploss -0.018 vloss 0.346 ent 0.44 | mix r/n/s 0.19/0.48/0.33 lr 9.9e-05 | 83 st/s
[ppo ] step  333824/500000 | vs random 1.00 vs negamax 0.82 (p1 0.86/p2 0.78) | ploss -0.016 vloss 0.329 ent 0.46 | mix r/n/s 0.19/0.48/0.33 lr 9.7e-05 | 82 st/s
[ppo ] step  335872/500000 | vs random 0.96 vs negamax 0.90 (p1 0.96/p2 0.84) | ploss -0.023 vloss 0.357 ent 0.47 | mix r/n/s 0.19/0.48/0.34 lr 9.6e-05 | 82 st/s
[ppo ] step  337920/500000 | vs random 0.99 vs negamax 0.89 (p1 0.90/p2 0.88) | ploss -0.023 vloss 0.264 ent 0.42 | mix r/n/s 0.18/0.48/0.34 lr 9.4e-05 | 82 st/s
[ppo ] step  339968/500000 | vs random 0.99 vs negamax 0.86 (p1 0.90/p2 0.82) | ploss -0.022 vloss 0.354 ent 0.45 | mix r/n/s 0.18/0.48/0.34 lr 9.3e-05 | 82 st/s
[ppo ] step  342016/500000 | vs random 0.99 vs negamax 0.88 (p1 0.94/p2 0.82) | ploss -0.023 vloss 0.430 ent 0.40 | mix r/n/s 0.18/0.48/0.34 lr 9.1e-05 | 82 st/s
[ppo ] step  344064/500000 | vs random 0.98 vs negamax 0.83 (p1 0.88/p2 0.78) | ploss -0.023 vloss 0.318 ent 0.43 | mix r/n/s 0.18/0.48/0.34 lr 9.0e-05 | 82 st/s
[ppo ] step  346112/500000 | vs random 1.00 vs negamax 0.79 (p1 0.86/p2 0.72) | ploss -0.020 vloss 0.431 ent 0.41 | mix r/n/s 0.18/0.48/0.34 lr 8.8e-05 | 81 st/s
[ppo ] step  348160/500000 | vs random 0.98 vs negamax 0.83 (p1 0.86/p2 0.80) | ploss -0.018 vloss 0.386 ent 0.42 | mix r/n/s 0.18/0.48/0.35 lr 8.7e-05 | 81 st/s
[ppo ] step  350208/500000 | vs random 0.99 vs negamax 0.86 (p1 0.90/p2 0.82) | ploss -0.018 vloss 0.330 ent 0.39 | mix r/n/s 0.17/0.48/0.35 lr 8.6e-05 | 81 st/s
[ppo ] step  352256/500000 | vs random 0.99 vs negamax 0.85 (p1 0.90/p2 0.80) | ploss -0.016 vloss 0.315 ent 0.40 | mix r/n/s 0.17/0.48/0.35 lr 8.4e-05 | 81 st/s
[ppo ] step  354304/500000 | vs random 0.98 vs negamax 0.86 (p1 0.90/p2 0.82) | ploss -0.019 vloss 0.302 ent 0.42 | mix r/n/s 0.17/0.48/0.35 lr 8.3e-05 | 81 st/s
[ppo ] step  356352/500000 | vs random 1.00 vs negamax 0.84 (p1 0.94/p2 0.74) | ploss -0.021 vloss 0.324 ent 0.43 | mix r/n/s 0.17/0.48/0.35 lr 8.1e-05 | 81 st/s
[ppo ] step  358400/500000 | vs random 1.00 vs negamax 0.86 (p1 0.98/p2 0.74) | ploss -0.016 vloss 0.263 ent 0.43 | mix r/n/s 0.17/0.48/0.36 lr 8.0e-05 | 81 st/s
[ppo ] step  360448/500000 | vs random 0.99 vs negamax 0.91 (p1 0.96/p2 0.86) | ploss -0.023 vloss 0.280 ent 0.40 | mix r/n/s 0.16/0.48/0.36 lr 7.9e-05 | 81 st/s
[ppo ] step  362496/500000 | vs random 1.00 vs negamax 0.86 (p1 0.98/p2 0.74) | ploss -0.018 vloss 0.276 ent 0.41 | mix r/n/s 0.16/0.48/0.36 lr 7.7e-05 | 80 st/s
[ppo ] step  364544/500000 | vs random 0.99 vs negamax 0.86 (p1 0.90/p2 0.82) | ploss -0.019 vloss 0.370 ent 0.41 | mix r/n/s 0.16/0.48/0.36 lr 7.6e-05 | 80 st/s
[ppo ] step  366592/500000 | vs random 0.97 vs negamax 0.85 (p1 0.94/p2 0.76) | ploss -0.020 vloss 0.325 ent 0.40 | mix r/n/s 0.16/0.48/0.36 lr 7.5e-05 | 80 st/s
[ppo ] step  368640/500000 | vs random 1.00 vs negamax 0.86 (p1 0.92/p2 0.80) | ploss -0.022 vloss 0.409 ent 0.38 | mix r/n/s 0.16/0.48/0.36 lr 7.3e-05 | 80 st/s
[ppo ] step  370688/500000 | vs random 0.98 vs negamax 0.87 (p1 0.96/p2 0.78) | ploss -0.018 vloss 0.262 ent 0.38 | mix r/n/s 0.16/0.48/0.37 lr 7.2e-05 | 80 st/s
[ppo ] step  372736/500000 | vs random 0.99 vs negamax 0.88 (p1 0.92/p2 0.84) | ploss -0.020 vloss 0.286 ent 0.39 | mix r/n/s 0.15/0.48/0.37 lr 7.1e-05 | 80 st/s
[ppo ] step  374784/500000 | vs random 0.98 vs negamax 0.88 (p1 0.94/p2 0.82) | ploss -0.019 vloss 0.420 ent 0.40 | mix r/n/s 0.15/0.48/0.37 lr 7.0e-05 | 80 st/s
[ppo ] step  376832/500000 | vs random 0.97 vs negamax 0.86 (p1 0.90/p2 0.82) | ploss -0.018 vloss 0.420 ent 0.40 | mix r/n/s 0.15/0.48/0.37 lr 6.8e-05 | 80 st/s
[ppo ] step  378880/500000 | vs random 1.00 vs negamax 0.91 (p1 0.90/p2 0.92) | ploss -0.018 vloss 0.283 ent 0.40 | mix r/n/s 0.15/0.48/0.37 lr 6.7e-05 | 80 st/s
[ppo ] step  380928/500000 | vs random 1.00 vs negamax 0.89 (p1 0.90/p2 0.88) | ploss -0.019 vloss 0.348 ent 0.41 | mix r/n/s 0.15/0.48/0.37 lr 6.6e-05 | 80 st/s
[ppo ] step  382976/500000 | vs random 0.97 vs negamax 0.92 (p1 0.92/p2 0.92) | ploss -0.021 vloss 0.338 ent 0.38 | mix r/n/s 0.15/0.48/0.38 lr 6.5e-05 | 81 st/s
[ppo ] step  385024/500000 | vs random 1.00 vs negamax 0.92 (p1 0.96/p2 0.88) | ploss -0.018 vloss 0.375 ent 0.40 | mix r/n/s 0.14/0.48/0.38 lr 6.4e-05 | 81 st/s
[ppo ] step  387072/500000 | vs random 0.98 vs negamax 0.86 (p1 0.94/p2 0.78) | ploss -0.019 vloss 0.412 ent 0.40 | mix r/n/s 0.14/0.48/0.38 lr 6.3e-05 | 81 st/s
[ppo ] step  389120/500000 | vs random 0.99 vs negamax 0.84 (p1 0.90/p2 0.78) | ploss -0.017 vloss 0.354 ent 0.41 | mix r/n/s 0.14/0.48/0.38 lr 6.1e-05 | 81 st/s
[ppo ] step  391168/500000 | vs random 0.99 vs negamax 0.92 (p1 0.94/p2 0.90) | ploss -0.019 vloss 0.365 ent 0.38 | mix r/n/s 0.14/0.48/0.38 lr 6.0e-05 | 81 st/s
[ppo ] step  393216/500000 | vs random 0.96 vs negamax 0.87 (p1 0.90/p2 0.84) | ploss -0.021 vloss 0.306 ent 0.39 | mix r/n/s 0.14/0.48/0.39 lr 5.9e-05 | 81 st/s
[ppo ] step  395264/500000 | vs random 0.98 vs negamax 0.88 (p1 0.94/p2 0.82) | ploss -0.020 vloss 0.452 ent 0.39 | mix r/n/s 0.13/0.48/0.39 lr 5.8e-05 | 82 st/s
[ppo ] step  397312/500000 | vs random 1.00 vs negamax 0.84 (p1 0.90/p2 0.78) | ploss -0.021 vloss 0.383 ent 0.40 | mix r/n/s 0.13/0.48/0.39 lr 5.7e-05 | 82 st/s
[ppo ] step  399360/500000 | vs random 0.98 vs negamax 0.93 (p1 0.98/p2 0.88) | ploss -0.016 vloss 0.331 ent 0.36 | mix r/n/s 0.13/0.48/0.39 lr 5.6e-05 | 82 st/s
[ppo ] step  401408/500000 | vs random 0.98 vs negamax 0.89 (p1 0.94/p2 0.84) | ploss -0.020 vloss 0.382 ent 0.35 | mix r/n/s 0.13/0.48/0.39 lr 5.5e-05 | 82 st/s
[ppo ] step  403456/500000 | vs random 0.97 vs negamax 0.89 (p1 0.94/p2 0.84) | ploss -0.020 vloss 0.275 ent 0.33 | mix r/n/s 0.13/0.48/0.39 lr 5.4e-05 | 82 st/s
[ppo ] step  405504/500000 | vs random 0.98 vs negamax 0.90 (p1 0.94/p2 0.86) | ploss -0.017 vloss 0.403 ent 0.35 | mix r/n/s 0.13/0.48/0.40 lr 5.3e-05 | 82 st/s
[ppo ] step  407552/500000 | vs random 0.97 vs negamax 0.87 (p1 0.92/p2 0.82) | ploss -0.015 vloss 0.323 ent 0.34 | mix r/n/s 0.12/0.48/0.40 lr 5.2e-05 | 83 st/s
[ppo ] step  409600/500000 | vs random 0.99 vs negamax 0.81 (p1 0.88/p2 0.74) | ploss -0.017 vloss 0.323 ent 0.33 | mix r/n/s 0.12/0.48/0.40 lr 5.1e-05 | 83 st/s
[ppo ] step  411648/500000 | vs random 0.99 vs negamax 0.86 (p1 0.92/p2 0.80) | ploss -0.015 vloss 0.233 ent 0.32 | mix r/n/s 0.12/0.48/0.40 lr 5.0e-05 | 83 st/s
[ppo ] step  413696/500000 | vs random 0.97 vs negamax 0.89 (p1 0.90/p2 0.88) | ploss -0.017 vloss 0.316 ent 0.32 | mix r/n/s 0.12/0.48/0.40 lr 4.9e-05 | 83 st/s
[ppo ] step  415744/500000 | vs random 0.97 vs negamax 0.90 (p1 0.92/p2 0.88) | ploss -0.019 vloss 0.330 ent 0.33 | mix r/n/s 0.12/0.48/0.40 lr 4.8e-05 | 83 st/s
[ppo ] step  417792/500000 | vs random 0.98 vs negamax 0.92 (p1 0.92/p2 0.92) | ploss -0.014 vloss 0.323 ent 0.31 | mix r/n/s 0.11/0.48/0.41 lr 4.8e-05 | 83 st/s
[ppo ] step  419840/500000 | vs random 0.95 vs negamax 0.85 (p1 0.94/p2 0.76) | ploss -0.020 vloss 0.289 ent 0.34 | mix r/n/s 0.11/0.48/0.41 lr 4.7e-05 | 84 st/s
[ppo ] step  421888/500000 | vs random 0.99 vs negamax 0.89 (p1 0.92/p2 0.86) | ploss -0.020 vloss 0.358 ent 0.32 | mix r/n/s 0.11/0.48/0.41 lr 4.6e-05 | 84 st/s
[ppo ] step  423936/500000 | vs random 0.99 vs negamax 0.92 (p1 0.94/p2 0.90) | ploss -0.018 vloss 0.326 ent 0.29 | mix r/n/s 0.11/0.48/0.41 lr 4.5e-05 | 84 st/s
[ppo ] step  425984/500000 | vs random 1.00 vs negamax 0.85 (p1 0.92/p2 0.78) | ploss -0.017 vloss 0.354 ent 0.32 | mix r/n/s 0.11/0.48/0.41 lr 4.4e-05 | 84 st/s
[ppo ] step  428032/500000 | vs random 0.99 vs negamax 0.88 (p1 0.96/p2 0.80) | ploss -0.015 vloss 0.273 ent 0.31 | mix r/n/s 0.11/0.48/0.42 lr 4.4e-05 | 84 st/s
[ppo ] step  430080/500000 | vs random 0.99 vs negamax 0.86 (p1 0.86/p2 0.86) | ploss -0.017 vloss 0.298 ent 0.32 | mix r/n/s 0.10/0.48/0.42 lr 4.3e-05 | 84 st/s
[ppo ] step  432128/500000 | vs random 1.00 vs negamax 0.90 (p1 0.90/p2 0.90) | ploss -0.015 vloss 0.293 ent 0.33 | mix r/n/s 0.10/0.48/0.42 lr 4.2e-05 | 85 st/s
[ppo ] step  434176/500000 | vs random 1.00 vs negamax 0.92 (p1 0.96/p2 0.88) | ploss -0.017 vloss 0.281 ent 0.32 | mix r/n/s 0.10/0.48/0.42 lr 4.1e-05 | 85 st/s
[ppo ] step  436224/500000 | vs random 0.99 vs negamax 0.90 (p1 0.96/p2 0.84) | ploss -0.018 vloss 0.302 ent 0.32 | mix r/n/s 0.10/0.48/0.42 lr 4.1e-05 | 85 st/s
[ppo ] step  438272/500000 | vs random 0.97 vs negamax 0.91 (p1 0.96/p2 0.86) | ploss -0.017 vloss 0.333 ent 0.33 | mix r/n/s 0.10/0.48/0.42 lr 4.0e-05 | 85 st/s
[ppo ] step  440320/500000 | vs random 0.99 vs negamax 0.90 (p1 0.92/p2 0.88) | ploss -0.016 vloss 0.286 ent 0.30 | mix r/n/s 0.10/0.48/0.43 lr 3.9e-05 | 85 st/s
[ppo ] step  442368/500000 | vs random 0.99 vs negamax 0.88 (p1 0.98/p2 0.78) | ploss -0.016 vloss 0.299 ent 0.31 | mix r/n/s 0.09/0.48/0.43 lr 3.9e-05 | 85 st/s
[ppo ] step  444416/500000 | vs random 0.98 vs negamax 0.92 (p1 0.98/p2 0.86) | ploss -0.013 vloss 0.269 ent 0.32 | mix r/n/s 0.09/0.48/0.43 lr 3.8e-05 | 86 st/s
[ppo ] step  446464/500000 | vs random 0.98 vs negamax 0.88 (p1 0.92/p2 0.84) | ploss -0.017 vloss 0.301 ent 0.31 | mix r/n/s 0.09/0.48/0.43 lr 3.8e-05 | 86 st/s
[ppo ] step  448512/500000 | vs random 1.00 vs negamax 0.88 (p1 0.90/p2 0.86) | ploss -0.016 vloss 0.530 ent 0.31 | mix r/n/s 0.09/0.48/0.43 lr 3.7e-05 | 86 st/s
[ppo ] step  450560/500000 | vs random 0.98 vs negamax 0.92 (p1 0.96/p2 0.88) | ploss -0.015 vloss 0.259 ent 0.33 | mix r/n/s 0.09/0.48/0.44 lr 3.6e-05 | 86 st/s
[ppo ] step  452608/500000 | vs random 0.99 vs negamax 0.92 (p1 0.98/p2 0.86) | ploss -0.017 vloss 0.246 ent 0.31 | mix r/n/s 0.08/0.48/0.44 lr 3.6e-05 | 86 st/s
[ppo ] step  454656/500000 | vs random 1.00 vs negamax 0.93 (p1 0.92/p2 0.94) | ploss -0.015 vloss 0.314 ent 0.30 | mix r/n/s 0.08/0.48/0.44 lr 3.5e-05 | 86 st/s
[ppo ] step  456704/500000 | vs random 0.99 vs negamax 0.86 (p1 0.90/p2 0.82) | ploss -0.017 vloss 0.266 ent 0.29 | mix r/n/s 0.08/0.48/0.44 lr 3.5e-05 | 86 st/s
[ppo ] step  458752/500000 | vs random 0.99 vs negamax 0.89 (p1 0.94/p2 0.84) | ploss -0.014 vloss 0.336 ent 0.29 | mix r/n/s 0.08/0.48/0.44 lr 3.5e-05 | 87 st/s
[ppo ] step  460800/500000 | vs random 0.98 vs negamax 0.89 (p1 0.94/p2 0.84) | ploss -0.015 vloss 0.368 ent 0.31 | mix r/n/s 0.08/0.48/0.44 lr 3.4e-05 | 87 st/s
[ppo ] step  462848/500000 | vs random 0.99 vs negamax 0.91 (p1 0.98/p2 0.84) | ploss -0.016 vloss 0.278 ent 0.32 | mix r/n/s 0.08/0.48/0.45 lr 3.4e-05 | 87 st/s
[ppo ] step  464896/500000 | vs random 0.97 vs negamax 0.93 (p1 0.98/p2 0.88) | ploss -0.014 vloss 0.391 ent 0.29 | mix r/n/s 0.07/0.48/0.45 lr 3.3e-05 | 87 st/s
[ppo ] step  466944/500000 | vs random 0.98 vs negamax 0.89 (p1 0.96/p2 0.82) | ploss -0.016 vloss 0.320 ent 0.29 | mix r/n/s 0.07/0.48/0.45 lr 3.3e-05 | 87 st/s
[ppo ] step  468992/500000 | vs random 0.99 vs negamax 0.93 (p1 0.98/p2 0.88) | ploss -0.014 vloss 0.241 ent 0.31 | mix r/n/s 0.07/0.48/0.45 lr 3.3e-05 | 87 st/s
[ppo ] step  471040/500000 | vs random 0.96 vs negamax 0.92 (p1 0.96/p2 0.88) | ploss -0.016 vloss 0.267 ent 0.29 | mix r/n/s 0.07/0.48/0.45 lr 3.2e-05 | 87 st/s
[ppo ] step  473088/500000 | vs random 0.99 vs negamax 0.93 (p1 0.96/p2 0.90) | ploss -0.013 vloss 0.290 ent 0.29 | mix r/n/s 0.07/0.48/0.45 lr 3.2e-05 | 88 st/s
[ppo ] step  475136/500000 | vs random 0.99 vs negamax 0.94 (p1 0.96/p2 0.92) | ploss -0.015 vloss 0.347 ent 0.30 | mix r/n/s 0.07/0.48/0.46 lr 3.2e-05 | 88 st/s
[ppo ] step  477184/500000 | vs random 0.99 vs negamax 0.96 (p1 0.96/p2 0.96) | ploss -0.017 vloss 0.313 ent 0.29 | mix r/n/s 0.06/0.48/0.46 lr 3.1e-05 | 88 st/s
[ppo ] step  479232/500000 | vs random 1.00 vs negamax 0.91 (p1 0.96/p2 0.86) | ploss -0.014 vloss 0.333 ent 0.29 | mix r/n/s 0.06/0.48/0.46 lr 3.1e-05 | 88 st/s
[ppo ] step  481280/500000 | vs random 1.00 vs negamax 0.92 (p1 0.94/p2 0.90) | ploss -0.015 vloss 0.303 ent 0.32 | mix r/n/s 0.06/0.48/0.46 lr 3.1e-05 | 88 st/s
[ppo ] step  483328/500000 | vs random 0.99 vs negamax 0.94 (p1 0.94/p2 0.94) | ploss -0.017 vloss 0.256 ent 0.28 | mix r/n/s 0.06/0.48/0.46 lr 3.1e-05 | 88 st/s
[ppo ] step  485376/500000 | vs random 0.98 vs negamax 0.91 (p1 0.96/p2 0.86) | ploss -0.013 vloss 0.298 ent 0.30 | mix r/n/s 0.06/0.48/0.47 lr 3.1e-05 | 88 st/s
[ppo ] step  487424/500000 | vs random 1.00 vs negamax 0.91 (p1 0.94/p2 0.88) | ploss -0.014 vloss 0.287 ent 0.29 | mix r/n/s 0.05/0.48/0.47 lr 3.0e-05 | 89 st/s
[ppo ] step  489472/500000 | vs random 0.98 vs negamax 0.94 (p1 1.00/p2 0.88) | ploss -0.012 vloss 0.179 ent 0.28 | mix r/n/s 0.05/0.48/0.47 lr 3.0e-05 | 89 st/s
[ppo ] step  491520/500000 | vs random 0.98 vs negamax 0.90 (p1 0.98/p2 0.82) | ploss -0.013 vloss 0.392 ent 0.29 | mix r/n/s 0.05/0.48/0.47 lr 3.0e-05 | 89 st/s
[ppo ] step  493568/500000 | vs random 1.00 vs negamax 0.94 (p1 0.94/p2 0.94) | ploss -0.012 vloss 0.276 ent 0.27 | mix r/n/s 0.05/0.48/0.47 lr 3.0e-05 | 89 st/s
[ppo ] step  495616/500000 | vs random 0.99 vs negamax 0.90 (p1 0.94/p2 0.86) | ploss -0.015 vloss 0.285 ent 0.26 | mix r/n/s 0.05/0.48/0.47 lr 3.0e-05 | 89 st/s
[ppo ] step  497664/500000 | vs random 1.00 vs negamax 0.91 (p1 0.96/p2 0.86) | ploss -0.013 vloss 0.276 ent 0.27 | mix r/n/s 0.05/0.48/0.48 lr 3.0e-05 | 89 st/s
[ppo ] step  499712/500000 | vs random 0.97 vs negamax 0.89 (p1 0.98/p2 0.80) | ploss -0.016 vloss 0.245 ent 0.28 | mix r/n/s 0.04/0.48/0.48 lr 3.0e-05 | 89 st/s
[ppo ] step  501760/500000 | vs random 0.99 vs negamax 0.92 (p1 0.96/p2 0.88) | ploss -0.016 vloss 0.338 ent 0.29 | mix r/n/s 0.04/0.48/0.48 lr 3.0e-05 | 90 st/s
[ppo seed=0] done in 5604s | final {'step': 501760, 'ploss': -0.0164, 'vloss': 0.338, 'entropy': 0.287}
