[grpo seed=0] training 500000 steps on cuda ...
[grpo] step    3873/500000 | vs random 0.93 vs negamax 0.01 (p1 0.02/p2 0.00) | ploss +0.211 ent 1.48 | train_wr 0.53 | mix r/n/s 0.83/0.09/0.08 lr 3.0e-04 | 91 st/s
[grpo] step    7552/500000 | vs random 0.89 vs negamax 0.04 (p1 0.02/p2 0.06) | ploss +0.030 ent 1.72 | train_wr 0.47 | mix r/n/s 0.82/0.10/0.09 lr 3.0e-04 | 88 st/s
[grpo] step   11221/500000 | vs random 0.90 vs negamax 0.00 (p1 0.00/p2 0.00) | ploss +0.085 ent 1.63 | train_wr 0.50 | mix r/n/s 0.80/0.11/0.09 lr 3.0e-04 | 88 st/s
[grpo] step   15039/500000 | vs random 0.92 vs negamax 0.05 (p1 0.08/p2 0.02) | ploss +0.085 ent 1.68 | train_wr 0.49 | mix r/n/s 0.79/0.12/0.10 lr 3.0e-04 | 88 st/s
[grpo] step   18639/500000 | vs random 0.87 vs negamax 0.01 (p1 0.02/p2 0.00) | ploss +0.075 ent 1.66 | train_wr 0.49 | mix r/n/s 0.77/0.13/0.10 lr 3.0e-04 | 87 st/s
[grpo] step   22153/500000 | vs random 0.86 vs negamax 0.01 (p1 0.00/p2 0.02) | ploss +0.104 ent 1.54 | train_wr 0.57 | mix r/n/s 0.76/0.14/0.10 lr 3.0e-04 | 87 st/s
[grpo] step   25684/500000 | vs random 0.89 vs negamax 0.00 (p1 0.00/p2 0.00) | ploss +0.140 ent 1.46 | train_wr 0.65 | mix r/n/s 0.75/0.14/0.11 lr 3.0e-04 | 89 st/s
[grpo] step   29108/500000 | vs random 0.90 vs negamax 0.03 (p1 0.04/p2 0.02) | ploss +0.080 ent 1.40 | train_wr 0.54 | mix r/n/s 0.74/0.15/0.11 lr 3.0e-04 | 89 st/s
[grpo] step   32328/500000 | vs random 0.85 vs negamax 0.03 (p1 0.04/p2 0.02) | ploss +0.120 ent 1.30 | train_wr 0.64 | mix r/n/s 0.72/0.16/0.12 lr 3.0e-04 | 89 st/s
[grpo] step   35461/500000 | vs random 0.85 vs negamax 0.04 (p1 0.04/p2 0.04) | ploss +0.127 ent 1.27 | train_wr 0.62 | mix r/n/s 0.71/0.17/0.12 lr 3.0e-04 | 89 st/s
[grpo] step   38516/500000 | vs random 0.89 vs negamax 0.03 (p1 0.06/p2 0.00) | ploss +0.120 ent 1.17 | train_wr 0.62 | mix r/n/s 0.70/0.17/0.12 lr 3.0e-04 | 89 st/s
[grpo] step   41397/500000 | vs random 0.90 vs negamax 0.00 (p1 0.00/p2 0.00) | ploss +0.162 ent 1.11 | train_wr 0.67 | mix r/n/s 0.69/0.18/0.12 lr 3.0e-04 | 89 st/s
[grpo] step   44326/500000 | vs random 0.89 vs negamax 0.02 (p1 0.02/p2 0.02) | ploss +0.140 ent 1.06 | train_wr 0.62 | mix r/n/s 0.68/0.19/0.13 lr 2.9e-04 | 89 st/s
[grpo] step   47033/500000 | vs random 0.89 vs negamax 0.02 (p1 0.04/p2 0.00) | ploss +0.086 ent 1.01 | train_wr 0.57 | mix r/n/s 0.68/0.19/0.13 lr 2.9e-04 | 89 st/s
[grpo] step   49894/500000 | vs random 0.88 vs negamax 0.01 (p1 0.02/p2 0.00) | ploss +0.151 ent 0.96 | train_wr 0.63 | mix r/n/s 0.67/0.20/0.13 lr 2.9e-04 | 89 st/s
[grpo] step   52726/500000 | vs random 0.89 vs negamax 0.03 (p1 0.02/p2 0.04) | ploss +0.217 ent 0.95 | train_wr 0.69 | mix r/n/s 0.66/0.21/0.14 lr 2.9e-04 | 89 st/s
[grpo] step   55460/500000 | vs random 0.92 vs negamax 0.02 (p1 0.02/p2 0.02) | ploss +0.075 ent 0.93 | train_wr 0.54 | mix r/n/s 0.65/0.21/0.14 lr 2.9e-04 | 89 st/s
[grpo] step   58227/500000 | vs random 0.88 vs negamax 0.03 (p1 0.06/p2 0.00) | ploss +0.139 ent 0.91 | train_wr 0.60 | mix r/n/s 0.64/0.22/0.14 lr 2.9e-04 | 88 st/s
[grpo] step   60995/500000 | vs random 0.88 vs negamax 0.05 (p1 0.10/p2 0.00) | ploss +0.070 ent 0.95 | train_wr 0.58 | mix r/n/s 0.63/0.22/0.14 lr 2.9e-04 | 88 st/s
[grpo] step   63799/500000 | vs random 0.92 vs negamax 0.05 (p1 0.08/p2 0.02) | ploss +0.188 ent 0.96 | train_wr 0.67 | mix r/n/s 0.63/0.23/0.15 lr 2.9e-04 | 88 st/s
[grpo] step   66520/500000 | vs random 0.89 vs negamax 0.13 (p1 0.18/p2 0.08) | ploss +0.114 ent 1.03 | train_wr 0.61 | mix r/n/s 0.62/0.23/0.15 lr 2.9e-04 | 87 st/s
[grpo] step   69549/500000 | vs random 0.92 vs negamax 0.06 (p1 0.10/p2 0.02) | ploss +0.043 ent 1.10 | train_wr 0.58 | mix r/n/s 0.61/0.24/0.15 lr 2.9e-04 | 87 st/s
[grpo] step   72429/500000 | vs random 0.97 vs negamax 0.06 (p1 0.06/p2 0.06) | ploss +0.094 ent 1.09 | train_wr 0.58 | mix r/n/s 0.60/0.25/0.15 lr 2.9e-04 | 87 st/s
[grpo] step   75340/500000 | vs random 0.90 vs negamax 0.05 (p1 0.08/p2 0.02) | ploss +0.126 ent 1.11 | train_wr 0.59 | mix r/n/s 0.59/0.25/0.16 lr 2.9e-04 | 86 st/s
[grpo] step   78071/500000 | vs random 0.92 vs negamax 0.08 (p1 0.10/p2 0.06) | ploss +0.179 ent 1.00 | train_wr 0.75 | mix r/n/s 0.59/0.26/0.16 lr 2.8e-04 | 86 st/s
[grpo] step   81293/500000 | vs random 0.94 vs negamax 0.04 (p1 0.04/p2 0.04) | ploss +0.036 ent 1.18 | train_wr 0.51 | mix r/n/s 0.58/0.26/0.16 lr 2.8e-04 | 85 st/s
[grpo] step   84443/500000 | vs random 0.96 vs negamax 0.09 (p1 0.12/p2 0.06) | ploss +0.046 ent 1.13 | train_wr 0.57 | mix r/n/s 0.57/0.27/0.16 lr 2.8e-04 | 85 st/s
[grpo] step   87239/500000 | vs random 0.90 vs negamax 0.08 (p1 0.12/p2 0.04) | ploss +0.092 ent 1.02 | train_wr 0.61 | mix r/n/s 0.56/0.27/0.17 lr 2.8e-04 | 84 st/s
[grpo] step   89906/500000 | vs random 0.95 vs negamax 0.07 (p1 0.12/p2 0.02) | ploss +0.155 ent 0.97 | train_wr 0.70 | mix r/n/s 0.55/0.28/0.17 lr 2.8e-04 | 84 st/s
[grpo] step   92892/500000 | vs random 0.95 vs negamax 0.14 (p1 0.22/p2 0.06) | ploss +0.120 ent 1.08 | train_wr 0.63 | mix r/n/s 0.55/0.28/0.17 lr 2.8e-04 | 83 st/s
[grpo] step   95782/500000 | vs random 0.98 vs negamax 0.20 (p1 0.22/p2 0.18) | ploss +0.093 ent 1.09 | train_wr 0.65 | mix r/n/s 0.54/0.29/0.17 lr 2.8e-04 | 83 st/s
[grpo] step   98760/500000 | vs random 0.95 vs negamax 0.12 (p1 0.10/p2 0.14) | ploss +0.049 ent 1.06 | train_wr 0.63 | mix r/n/s 0.53/0.29/0.18 lr 2.7e-04 | 82 st/s
[grpo] step  101719/500000 | vs random 0.98 vs negamax 0.17 (p1 0.22/p2 0.12) | ploss +0.080 ent 1.08 | train_wr 0.62 | mix r/n/s 0.53/0.30/0.18 lr 2.7e-04 | 82 st/s
[grpo] step  104599/500000 | vs random 0.97 vs negamax 0.19 (p1 0.26/p2 0.12) | ploss +0.173 ent 0.99 | train_wr 0.73 | mix r/n/s 0.52/0.30/0.18 lr 2.7e-04 | 82 st/s
[grpo] step  107357/500000 | vs random 0.99 vs negamax 0.29 (p1 0.28/p2 0.30) | ploss +0.148 ent 0.93 | train_wr 0.72 | mix r/n/s 0.51/0.31/0.18 lr 2.7e-04 | 82 st/s
[grpo] step  110365/500000 | vs random 0.97 vs negamax 0.25 (p1 0.34/p2 0.16) | ploss +0.031 ent 0.94 | train_wr 0.60 | mix r/n/s 0.50/0.31/0.18 lr 2.7e-04 | 81 st/s
[grpo] step  113335/500000 | vs random 0.95 vs negamax 0.16 (p1 0.18/p2 0.14) | ploss +0.145 ent 0.94 | train_wr 0.67 | mix r/n/s 0.50/0.32/0.19 lr 2.7e-04 | 82 st/s
[grpo] step  116278/500000 | vs random 0.99 vs negamax 0.23 (p1 0.28/p2 0.18) | ploss +0.080 ent 0.95 | train_wr 0.65 | mix r/n/s 0.49/0.32/0.19 lr 2.7e-04 | 83 st/s
[grpo] step  119530/500000 | vs random 0.99 vs negamax 0.26 (p1 0.32/p2 0.20) | ploss -0.009 ent 0.92 | train_wr 0.58 | mix r/n/s 0.48/0.33/0.19 lr 2.6e-04 | 83 st/s
[grpo] step  122454/500000 | vs random 0.94 vs negamax 0.23 (p1 0.32/p2 0.14) | ploss +0.079 ent 0.88 | train_wr 0.70 | mix r/n/s 0.48/0.33/0.19 lr 2.6e-04 | 84 st/s
[grpo] step  125510/500000 | vs random 0.94 vs negamax 0.31 (p1 0.32/p2 0.30) | ploss +0.037 ent 0.85 | train_wr 0.60 | mix r/n/s 0.47/0.33/0.19 lr 2.6e-04 | 85 st/s
[grpo] step  128379/500000 | vs random 0.96 vs negamax 0.29 (p1 0.34/p2 0.24) | ploss +0.101 ent 0.77 | train_wr 0.72 | mix r/n/s 0.46/0.34/0.20 lr 2.6e-04 | 86 st/s
[grpo] step  131243/500000 | vs random 0.93 vs negamax 0.40 (p1 0.44/p2 0.36) | ploss +0.078 ent 0.80 | train_wr 0.71 | mix r/n/s 0.46/0.34/0.20 lr 2.6e-04 | 86 st/s
[grpo] step  134457/500000 | vs random 0.98 vs negamax 0.31 (p1 0.36/p2 0.26) | ploss +0.064 ent 0.82 | train_wr 0.60 | mix r/n/s 0.45/0.35/0.20 lr 2.5e-04 | 87 st/s
[grpo] step  137557/500000 | vs random 0.99 vs negamax 0.37 (p1 0.50/p2 0.24) | ploss +0.012 ent 0.78 | train_wr 0.71 | mix r/n/s 0.45/0.35/0.20 lr 2.5e-04 | 88 st/s
[grpo] step  140408/500000 | vs random 0.95 vs negamax 0.36 (p1 0.32/p2 0.40) | ploss +0.049 ent 0.69 | train_wr 0.76 | mix r/n/s 0.44/0.36/0.20 lr 2.5e-04 | 89 st/s
[grpo] step  143780/500000 | vs random 0.96 vs negamax 0.31 (p1 0.40/p2 0.22) | ploss +0.004 ent 0.77 | train_wr 0.53 | mix r/n/s 0.43/0.36/0.21 lr 2.5e-04 | 89 st/s
[grpo] step  146814/500000 | vs random 0.97 vs negamax 0.35 (p1 0.34/p2 0.36) | ploss +0.020 ent 0.67 | train_wr 0.65 | mix r/n/s 0.43/0.36/0.21 lr 2.5e-04 | 90 st/s
[grpo] step  149895/500000 | vs random 0.94 vs negamax 0.38 (p1 0.44/p2 0.32) | ploss -0.001 ent 0.62 | train_wr 0.71 | mix r/n/s 0.42/0.37/0.21 lr 2.4e-04 | 91 st/s
[grpo] step  153086/500000 | vs random 0.97 vs negamax 0.43 (p1 0.46/p2 0.40) | ploss +0.035 ent 0.62 | train_wr 0.65 | mix r/n/s 0.42/0.37/0.21 lr 2.4e-04 | 91 st/s
[grpo] step  156607/500000 | vs random 0.96 vs negamax 0.46 (p1 0.54/p2 0.38) | ploss -0.029 ent 0.68 | train_wr 0.65 | mix r/n/s 0.41/0.38/0.21 lr 2.4e-04 | 92 st/s
[grpo] step  159870/500000 | vs random 0.97 vs negamax 0.40 (p1 0.46/p2 0.34) | ploss +0.034 ent 0.64 | train_wr 0.67 | mix r/n/s 0.40/0.38/0.22 lr 2.4e-04 | 93 st/s
[grpo] step  162852/500000 | vs random 0.99 vs negamax 0.51 (p1 0.62/p2 0.40) | ploss +0.013 ent 0.56 | train_wr 0.71 | mix r/n/s 0.40/0.39/0.22 lr 2.4e-04 | 93 st/s
[grpo] step  166173/500000 | vs random 0.99 vs negamax 0.43 (p1 0.46/p2 0.40) | ploss +0.009 ent 0.57 | train_wr 0.64 | mix r/n/s 0.39/0.39/0.22 lr 2.3e-04 | 94 st/s
[grpo] step  169062/500000 | vs random 0.94 vs negamax 0.38 (p1 0.48/p2 0.28) | ploss +0.070 ent 0.48 | train_wr 0.72 | mix r/n/s 0.39/0.39/0.22 lr 2.3e-04 | 95 st/s
[grpo] step  171987/500000 | vs random 0.99 vs negamax 0.42 (p1 0.44/p2 0.40) | ploss +0.013 ent 0.48 | train_wr 0.73 | mix r/n/s 0.38/0.40/0.22 lr 2.3e-04 | 95 st/s
[grpo] step  175433/500000 | vs random 0.98 vs negamax 0.40 (p1 0.40/p2 0.40) | ploss -0.022 ent 0.50 | train_wr 0.67 | mix r/n/s 0.37/0.40/0.23 lr 2.3e-04 | 96 st/s
[grpo] step  178694/500000 | vs random 0.99 vs negamax 0.46 (p1 0.56/p2 0.36) | ploss +0.086 ent 0.52 | train_wr 0.73 | mix r/n/s 0.37/0.40/0.23 lr 2.2e-04 | 97 st/s
[grpo] step  181723/500000 | vs random 1.00 vs negamax 0.52 (p1 0.58/p2 0.46) | ploss +0.069 ent 0.46 | train_wr 0.75 | mix r/n/s 0.36/0.41/0.23 lr 2.2e-04 | 97 st/s
[grpo] step  184795/500000 | vs random 0.97 vs negamax 0.53 (p1 0.74/p2 0.32) | ploss +0.013 ent 0.46 | train_wr 0.75 | mix r/n/s 0.36/0.41/0.23 lr 2.2e-04 | 98 st/s
[grpo] step  187887/500000 | vs random 0.98 vs negamax 0.55 (p1 0.56/p2 0.54) | ploss +0.081 ent 0.48 | train_wr 0.73 | mix r/n/s 0.35/0.42/0.23 lr 2.2e-04 | 99 st/s
[grpo] step  191133/500000 | vs random 0.95 vs negamax 0.64 (p1 0.70/p2 0.58) | ploss +0.020 ent 0.52 | train_wr 0.66 | mix r/n/s 0.35/0.42/0.23 lr 2.1e-04 | 99 st/s
[grpo] step  193846/500000 | vs random 0.99 vs negamax 0.55 (p1 0.62/p2 0.48) | ploss +0.089 ent 0.41 | train_wr 0.81 | mix r/n/s 0.34/0.42/0.23 lr 2.1e-04 | 100 st/s
[grpo] step  197289/500000 | vs random 1.00 vs negamax 0.47 (p1 0.54/p2 0.40) | ploss -0.026 ent 0.48 | train_wr 0.72 | mix r/n/s 0.34/0.43/0.24 lr 2.1e-04 | 100 st/s
[grpo] step  200808/500000 | vs random 0.98 vs negamax 0.47 (p1 0.58/p2 0.36) | ploss +0.003 ent 0.50 | train_wr 0.72 | mix r/n/s 0.33/0.43/0.24 lr 2.1e-04 | 101 st/s
[grpo] step  204427/500000 | vs random 0.97 vs negamax 0.59 (p1 0.66/p2 0.52) | ploss +0.036 ent 0.47 | train_wr 0.77 | mix r/n/s 0.33/0.43/0.24 lr 2.0e-04 | 101 st/s
[grpo] step  207920/500000 | vs random 0.98 vs negamax 0.61 (p1 0.64/p2 0.58) | ploss +0.026 ent 0.54 | train_wr 0.71 | mix r/n/s 0.32/0.44/0.24 lr 2.0e-04 | 102 st/s
[grpo] step  211708/500000 | vs random 0.99 vs negamax 0.55 (p1 0.70/p2 0.40) | ploss +0.029 ent 0.50 | train_wr 0.67 | mix r/n/s 0.32/0.44/0.24 lr 2.0e-04 | 102 st/s
[grpo] step  215031/500000 | vs random 0.97 vs negamax 0.55 (p1 0.58/p2 0.52) | ploss +0.023 ent 0.50 | train_wr 0.74 | mix r/n/s 0.31/0.44/0.25 lr 1.9e-04 | 103 st/s
[grpo] step  218433/500000 | vs random 0.99 vs negamax 0.69 (p1 0.74/p2 0.64) | ploss -0.006 ent 0.52 | train_wr 0.72 | mix r/n/s 0.31/0.45/0.25 lr 1.9e-04 | 103 st/s
[grpo] step  222046/500000 | vs random 0.98 vs negamax 0.62 (p1 0.62/p2 0.62) | ploss +0.041 ent 0.52 | train_wr 0.73 | mix r/n/s 0.30/0.45/0.25 lr 1.9e-04 | 103 st/s
[grpo] step  225492/500000 | vs random 0.97 vs negamax 0.61 (p1 0.64/p2 0.58) | ploss +0.000 ent 0.46 | train_wr 0.78 | mix r/n/s 0.29/0.46/0.25 lr 1.9e-04 | 104 st/s
[grpo] step  229006/500000 | vs random 0.95 vs negamax 0.63 (p1 0.76/p2 0.50) | ploss +0.016 ent 0.53 | train_wr 0.76 | mix r/n/s 0.29/0.46/0.25 lr 1.8e-04 | 104 st/s
[grpo] step  232785/500000 | vs random 0.99 vs negamax 0.70 (p1 0.76/p2 0.64) | ploss +0.021 ent 0.49 | train_wr 0.72 | mix r/n/s 0.28/0.46/0.25 lr 1.8e-04 | 104 st/s
[grpo] step  236291/500000 | vs random 0.96 vs negamax 0.59 (p1 0.70/p2 0.48) | ploss +0.025 ent 0.46 | train_wr 0.76 | mix r/n/s 0.28/0.47/0.26 lr 1.8e-04 | 105 st/s
[grpo] step  240155/500000 | vs random 0.99 vs negamax 0.66 (p1 0.78/p2 0.54) | ploss -0.025 ent 0.47 | train_wr 0.74 | mix r/n/s 0.27/0.47/0.26 lr 1.7e-04 | 105 st/s
[grpo] step  243987/500000 | vs random 0.98 vs negamax 0.66 (p1 0.68/p2 0.64) | ploss +0.009 ent 0.48 | train_wr 0.73 | mix r/n/s 0.27/0.47/0.26 lr 1.7e-04 | 106 st/s
[grpo] step  247442/500000 | vs random 1.00 vs negamax 0.60 (p1 0.70/p2 0.50) | ploss +0.050 ent 0.44 | train_wr 0.78 | mix r/n/s 0.26/0.48/0.26 lr 1.7e-04 | 106 st/s
[grpo] step  251356/500000 | vs random 0.97 vs negamax 0.67 (p1 0.62/p2 0.72) | ploss -0.013 ent 0.47 | train_wr 0.68 | mix r/n/s 0.26/0.48/0.26 lr 1.6e-04 | 106 st/s
[grpo] step  255190/500000 | vs random 0.98 vs negamax 0.77 (p1 0.84/p2 0.70) | ploss +0.004 ent 0.48 | train_wr 0.71 | mix r/n/s 0.26/0.48/0.27 lr 1.6e-04 | 107 st/s
[grpo] step  258971/500000 | vs random 0.98 vs negamax 0.78 (p1 0.82/p2 0.74) | ploss +0.014 ent 0.46 | train_wr 0.73 | mix r/n/s 0.25/0.48/0.27 lr 1.6e-04 | 107 st/s
[grpo] step  262753/500000 | vs random 0.99 vs negamax 0.74 (p1 0.90/p2 0.58) | ploss +0.029 ent 0.46 | train_wr 0.77 | mix r/n/s 0.25/0.48/0.27 lr 1.5e-04 | 108 st/s
[grpo] step  266254/500000 | vs random 0.95 vs negamax 0.74 (p1 0.86/p2 0.62) | ploss +0.054 ent 0.46 | train_wr 0.77 | mix r/n/s 0.25/0.48/0.28 lr 1.5e-04 | 108 st/s
[grpo] step  270170/500000 | vs random 0.98 vs negamax 0.72 (p1 0.76/p2 0.68) | ploss -0.004 ent 0.46 | train_wr 0.74 | mix r/n/s 0.24/0.48/0.28 lr 1.5e-04 | 108 st/s
[grpo] step  273970/500000 | vs random 1.00 vs negamax 0.74 (p1 0.80/p2 0.68) | ploss +0.035 ent 0.46 | train_wr 0.74 | mix r/n/s 0.24/0.48/0.28 lr 1.4e-04 | 109 st/s
[grpo] step  277639/500000 | vs random 0.97 vs negamax 0.70 (p1 0.74/p2 0.66) | ploss +0.037 ent 0.42 | train_wr 0.77 | mix r/n/s 0.24/0.48/0.28 lr 1.4e-04 | 109 st/s
[grpo] step  281521/500000 | vs random 1.00 vs negamax 0.73 (p1 0.80/p2 0.66) | ploss +0.002 ent 0.40 | train_wr 0.77 | mix r/n/s 0.23/0.48/0.29 lr 1.4e-04 | 109 st/s
[grpo] step  285362/500000 | vs random 0.98 vs negamax 0.74 (p1 0.82/p2 0.66) | ploss +0.042 ent 0.42 | train_wr 0.73 | mix r/n/s 0.23/0.48/0.29 lr 1.4e-04 | 110 st/s
[grpo] step  289697/500000 | vs random 1.00 vs negamax 0.81 (p1 0.92/p2 0.70) | ploss +0.030 ent 0.43 | train_wr 0.76 | mix r/n/s 0.23/0.48/0.30 lr 1.3e-04 | 110 st/s
[grpo] step  293676/500000 | vs random 0.98 vs negamax 0.68 (p1 0.72/p2 0.64) | ploss +0.052 ent 0.43 | train_wr 0.75 | mix r/n/s 0.22/0.48/0.30 lr 1.3e-04 | 111 st/s
[grpo] step  297289/500000 | vs random 0.97 vs negamax 0.79 (p1 0.90/p2 0.68) | ploss +0.035 ent 0.44 | train_wr 0.76 | mix r/n/s 0.22/0.48/0.30 lr 1.3e-04 | 111 st/s
[grpo] step  301093/500000 | vs random 0.98 vs negamax 0.69 (p1 0.76/p2 0.62) | ploss +0.041 ent 0.42 | train_wr 0.79 | mix r/n/s 0.22/0.48/0.31 lr 1.2e-04 | 111 st/s
[grpo] step  305026/500000 | vs random 0.98 vs negamax 0.77 (p1 0.86/p2 0.68) | ploss +0.029 ent 0.43 | train_wr 0.75 | mix r/n/s 0.21/0.48/0.31 lr 1.2e-04 | 112 st/s
[grpo] step  308687/500000 | vs random 1.00 vs negamax 0.73 (p1 0.78/p2 0.68) | ploss +0.032 ent 0.39 | train_wr 0.79 | mix r/n/s 0.21/0.48/0.31 lr 1.2e-04 | 112 st/s
[grpo] step  312666/500000 | vs random 0.98 vs negamax 0.58 (p1 0.76/p2 0.40) | ploss -0.024 ent 0.42 | train_wr 0.70 | mix r/n/s 0.21/0.48/0.32 lr 1.1e-04 | 112 st/s
[grpo] step  316796/500000 | vs random 0.97 vs negamax 0.74 (p1 0.80/p2 0.68) | ploss +0.028 ent 0.41 | train_wr 0.80 | mix r/n/s 0.20/0.48/0.32 lr 1.1e-04 | 113 st/s
[grpo] step  320697/500000 | vs random 0.97 vs negamax 0.78 (p1 0.80/p2 0.76) | ploss +0.039 ent 0.41 | train_wr 0.75 | mix r/n/s 0.20/0.48/0.32 lr 1.1e-04 | 113 st/s
[grpo] step  324811/500000 | vs random 0.97 vs negamax 0.83 (p1 0.92/p2 0.74) | ploss +0.005 ent 0.39 | train_wr 0.74 | mix r/n/s 0.20/0.48/0.33 lr 1.0e-04 | 113 st/s
[grpo] step  328308/500000 | vs random 0.96 vs negamax 0.81 (p1 0.86/p2 0.76) | ploss +0.076 ent 0.37 | train_wr 0.80 | mix r/n/s 0.19/0.48/0.33 lr 1.0e-04 | 114 st/s
[grpo] step  331902/500000 | vs random 0.97 vs negamax 0.75 (p1 0.74/p2 0.76) | ploss +0.040 ent 0.32 | train_wr 0.84 | mix r/n/s 0.19/0.48/0.33 lr 9.9e-05 | 114 st/s
[grpo] step  335615/500000 | vs random 0.98 vs negamax 0.79 (p1 0.80/p2 0.78) | ploss +0.005 ent 0.36 | train_wr 0.75 | mix r/n/s 0.19/0.48/0.34 lr 9.6e-05 | 114 st/s
[grpo] step  339717/500000 | vs random 0.99 vs negamax 0.75 (p1 0.90/p2 0.60) | ploss +0.049 ent 0.39 | train_wr 0.73 | mix r/n/s 0.18/0.48/0.34 lr 9.3e-05 | 115 st/s
[grpo] step  343612/500000 | vs random 1.00 vs negamax 0.82 (p1 0.92/p2 0.72) | ploss +0.028 ent 0.37 | train_wr 0.80 | mix r/n/s 0.18/0.48/0.34 lr 9.0e-05 | 115 st/s
[grpo] step  347558/500000 | vs random 0.98 vs negamax 0.74 (p1 0.86/p2 0.62) | ploss +0.025 ent 0.36 | train_wr 0.76 | mix r/n/s 0.18/0.48/0.35 lr 8.7e-05 | 115 st/s
[grpo] step  351544/500000 | vs random 0.99 vs negamax 0.80 (p1 0.82/p2 0.78) | ploss -0.011 ent 0.33 | train_wr 0.85 | mix r/n/s 0.17/0.48/0.35 lr 8.5e-05 | 116 st/s
[grpo] step  355657/500000 | vs random 0.97 vs negamax 0.67 (p1 0.78/p2 0.56) | ploss -0.007 ent 0.34 | train_wr 0.81 | mix r/n/s 0.17/0.48/0.35 lr 8.2e-05 | 116 st/s
[grpo] step  359721/500000 | vs random 0.97 vs negamax 0.77 (p1 0.86/p2 0.68) | ploss +0.028 ent 0.36 | train_wr 0.79 | mix r/n/s 0.17/0.48/0.36 lr 7.9e-05 | 116 st/s
[grpo] step  363602/500000 | vs random 1.00 vs negamax 0.76 (p1 0.82/p2 0.70) | ploss +0.025 ent 0.35 | train_wr 0.80 | mix r/n/s 0.16/0.48/0.36 lr 7.7e-05 | 117 st/s
[grpo] step  367544/500000 | vs random 0.98 vs negamax 0.79 (p1 0.88/p2 0.70) | ploss +0.030 ent 0.36 | train_wr 0.73 | mix r/n/s 0.16/0.48/0.36 lr 7.4e-05 | 117 st/s
[grpo] step  371734/500000 | vs random 1.00 vs negamax 0.79 (p1 0.86/p2 0.72) | ploss -0.000 ent 0.36 | train_wr 0.76 | mix r/n/s 0.16/0.48/0.37 lr 7.2e-05 | 117 st/s
[grpo] step  375577/500000 | vs random 0.98 vs negamax 0.75 (p1 0.78/p2 0.72) | ploss +0.030 ent 0.34 | train_wr 0.83 | mix r/n/s 0.15/0.48/0.37 lr 6.9e-05 | 118 st/s
[grpo] step  379507/500000 | vs random 0.98 vs negamax 0.80 (p1 0.88/p2 0.72) | ploss +0.041 ent 0.33 | train_wr 0.84 | mix r/n/s 0.15/0.48/0.37 lr 6.7e-05 | 118 st/s
[grpo] step  383367/500000 | vs random 0.97 vs negamax 0.75 (p1 0.80/p2 0.70) | ploss +0.106 ent 0.35 | train_wr 0.81 | mix r/n/s 0.14/0.48/0.38 lr 6.5e-05 | 118 st/s
[grpo] step  387081/500000 | vs random 0.97 vs negamax 0.85 (p1 0.90/p2 0.80) | ploss +0.061 ent 0.32 | train_wr 0.82 | mix r/n/s 0.14/0.48/0.38 lr 6.3e-05 | 119 st/s
[grpo] step  390751/500000 | vs random 0.99 vs negamax 0.83 (p1 0.88/p2 0.78) | ploss +0.063 ent 0.34 | train_wr 0.79 | mix r/n/s 0.14/0.48/0.38 lr 6.1e-05 | 119 st/s
[grpo] step  394560/500000 | vs random 0.97 vs negamax 0.83 (p1 0.90/p2 0.76) | ploss +0.035 ent 0.32 | train_wr 0.83 | mix r/n/s 0.14/0.48/0.39 lr 5.9e-05 | 118 st/s
[grpo] step  398531/500000 | vs random 0.98 vs negamax 0.76 (p1 0.86/p2 0.66) | ploss -0.010 ent 0.35 | train_wr 0.77 | mix r/n/s 0.13/0.48/0.39 lr 5.7e-05 | 118 st/s
[grpo] step  402478/500000 | vs random 0.97 vs negamax 0.84 (p1 0.90/p2 0.78) | ploss +0.022 ent 0.36 | train_wr 0.74 | mix r/n/s 0.13/0.48/0.39 lr 5.5e-05 | 117 st/s
[grpo] step  406419/500000 | vs random 0.98 vs negamax 0.87 (p1 0.84/p2 0.90) | ploss +0.019 ent 0.33 | train_wr 0.77 | mix r/n/s 0.12/0.48/0.40 lr 5.3e-05 | 117 st/s
[grpo] step  410592/500000 | vs random 0.99 vs negamax 0.79 (p1 0.84/p2 0.74) | ploss +0.014 ent 0.32 | train_wr 0.76 | mix r/n/s 0.12/0.48/0.40 lr 5.1e-05 | 116 st/s
[grpo] step  414885/500000 | vs random 0.98 vs negamax 0.79 (p1 0.82/p2 0.76) | ploss +0.006 ent 0.31 | train_wr 0.77 | mix r/n/s 0.12/0.48/0.40 lr 4.9e-05 | 115 st/s
[grpo] step  418812/500000 | vs random 0.96 vs negamax 0.82 (p1 0.84/p2 0.80) | ploss +0.030 ent 0.32 | train_wr 0.82 | mix r/n/s 0.11/0.48/0.41 lr 4.7e-05 | 115 st/s
[grpo] step  422927/500000 | vs random 1.00 vs negamax 0.78 (p1 0.80/p2 0.76) | ploss +0.038 ent 0.31 | train_wr 0.82 | mix r/n/s 0.11/0.48/0.41 lr 4.6e-05 | 114 st/s
[grpo] step  426802/500000 | vs random 0.98 vs negamax 0.82 (p1 0.88/p2 0.76) | ploss +0.048 ent 0.31 | train_wr 0.81 | mix r/n/s 0.11/0.48/0.41 lr 4.4e-05 | 114 st/s
[grpo] step  430770/500000 | vs random 0.99 vs negamax 0.78 (p1 0.84/p2 0.72) | ploss +0.046 ent 0.31 | train_wr 0.83 | mix r/n/s 0.10/0.48/0.42 lr 4.3e-05 | 113 st/s
[grpo] step  434768/500000 | vs random 0.97 vs negamax 0.86 (p1 0.84/p2 0.88) | ploss +0.055 ent 0.33 | train_wr 0.75 | mix r/n/s 0.10/0.48/0.42 lr 4.1e-05 | 113 st/s
[grpo] step  438944/500000 | vs random 0.98 vs negamax 0.73 (p1 0.76/p2 0.70) | ploss +0.055 ent 0.30 | train_wr 0.79 | mix r/n/s 0.10/0.48/0.43 lr 4.0e-05 | 112 st/s
[grpo] step  442995/500000 | vs random 0.98 vs negamax 0.74 (p1 0.84/p2 0.64) | ploss +0.067 ent 0.33 | train_wr 0.83 | mix r/n/s 0.09/0.48/0.43 lr 3.9e-05 | 112 st/s
[grpo] step  446997/500000 | vs random 0.96 vs negamax 0.82 (p1 0.86/p2 0.78) | ploss +0.036 ent 0.29 | train_wr 0.84 | mix r/n/s 0.09/0.48/0.43 lr 3.7e-05 | 111 st/s
[grpo] step  451249/500000 | vs random 0.96 vs negamax 0.76 (p1 0.82/p2 0.70) | ploss +0.051 ent 0.32 | train_wr 0.82 | mix r/n/s 0.09/0.48/0.44 lr 3.6e-05 | 111 st/s
[grpo] step  455076/500000 | vs random 0.97 vs negamax 0.81 (p1 0.88/p2 0.74) | ploss +0.062 ent 0.33 | train_wr 0.78 | mix r/n/s 0.08/0.48/0.44 lr 3.5e-05 | 110 st/s
[grpo] step  459079/500000 | vs random 0.97 vs negamax 0.83 (p1 0.86/p2 0.80) | ploss +0.035 ent 0.32 | train_wr 0.79 | mix r/n/s 0.08/0.48/0.44 lr 3.4e-05 | 110 st/s
[grpo] step  463076/500000 | vs random 0.98 vs negamax 0.78 (p1 0.86/p2 0.70) | ploss -0.004 ent 0.33 | train_wr 0.78 | mix r/n/s 0.08/0.48/0.45 lr 3.4e-05 | 110 st/s
[grpo] step  467170/500000 | vs random 0.98 vs negamax 0.76 (p1 0.78/p2 0.74) | ploss +0.077 ent 0.31 | train_wr 0.82 | mix r/n/s 0.07/0.48/0.45 lr 3.3e-05 | 109 st/s
[grpo] step  471361/500000 | vs random 0.98 vs negamax 0.75 (p1 0.84/p2 0.66) | ploss +0.050 ent 0.32 | train_wr 0.82 | mix r/n/s 0.07/0.48/0.45 lr 3.2e-05 | 109 st/s
[grpo] step  475606/500000 | vs random 0.99 vs negamax 0.80 (p1 0.84/p2 0.76) | ploss +0.035 ent 0.31 | train_wr 0.81 | mix r/n/s 0.06/0.48/0.46 lr 3.2e-05 | 108 st/s
[grpo] step  479360/500000 | vs random 1.00 vs negamax 0.77 (p1 0.86/p2 0.68) | ploss +0.060 ent 0.32 | train_wr 0.80 | mix r/n/s 0.06/0.48/0.46 lr 3.1e-05 | 108 st/s
[grpo] step  483456/500000 | vs random 0.98 vs negamax 0.77 (p1 0.78/p2 0.76) | ploss +0.052 ent 0.33 | train_wr 0.80 | mix r/n/s 0.06/0.48/0.46 lr 3.1e-05 | 108 st/s
[grpo] step  487424/500000 | vs random 0.96 vs negamax 0.83 (p1 0.90/p2 0.76) | ploss +0.058 ent 0.29 | train_wr 0.85 | mix r/n/s 0.05/0.48/0.47 lr 3.0e-05 | 107 st/s
[grpo] step  491353/500000 | vs random 0.97 vs negamax 0.84 (p1 0.88/p2 0.80) | ploss +0.081 ent 0.32 | train_wr 0.75 | mix r/n/s 0.05/0.48/0.47 lr 3.0e-05 | 107 st/s
[grpo] step  495459/500000 | vs random 0.97 vs negamax 0.84 (p1 0.92/p2 0.76) | ploss -0.006 ent 0.29 | train_wr 0.83 | mix r/n/s 0.05/0.48/0.47 lr 3.0e-05 | 107 st/s
[grpo] step  499681/500000 | vs random 0.98 vs negamax 0.82 (p1 0.88/p2 0.76) | ploss +0.042 ent 0.29 | train_wr 0.82 | mix r/n/s 0.04/0.48/0.48 lr 3.0e-05 | 106 st/s
[grpo] step  503694/500000 | vs random 0.99 vs negamax 0.80 (p1 0.94/p2 0.66) | ploss +0.044 ent 0.30 | train_wr 0.76 | mix r/n/s 0.04/0.48/0.48 lr 3.0e-05 | 107 st/s
[grpo seed=0] done in 4728s | final {'step': 503694, 'ploss': 0.0445, 'entropy': 0.296}
